Timing Analyzer report for problem3
Wed Oct 25 00:48:40 2023
Version 6.0 Build 202 06/20/2006 Service Pack 1 SJ Full Version


---------------------
; Table of Contents ;
---------------------
  1. Legal Notice
  2. Timing Analyzer Summary
  3. Timing Analyzer Settings
  4. Clock Settings Summary
  5. tsu
  6. tco
  7. th
  8. Timing Analyzer Messages



----------------
; Legal Notice ;
----------------
Copyright (C) 1991-2006 Altera Corporation
Your use of Altera Corporation's design tools, logic functions 
and other software and tools, and its AMPP partner logic 
functions, and any output files any of the foregoing 
(including device programming or simulation files), and any 
associated documentation or information are expressly subject 
to the terms and conditions of the Altera Program License 
Subscription Agreement, Altera MegaCore Function License 
Agreement, or other applicable license agreement, including, 
without limitation, that your use is for the sole purpose of 
programming logic devices manufactured by Altera and sold by 
Altera or its authorized distributors.  Please refer to the 
applicable agreement for further details.



+-------------------------------------------------------------------------------------------------------------------------------------------+
; Timing Analyzer Summary                                                                                                                   ;
+------------------------------+-------+---------------+-------------+---------------+---------------+------------+----------+--------------+
; Type                         ; Slack ; Required Time ; Actual Time ; From          ; To            ; From Clock ; To Clock ; Failed Paths ;
+------------------------------+-------+---------------+-------------+---------------+---------------+------------+----------+--------------+
; Worst-case tsu               ; N/A   ; None          ; 0.700 ns    ; D             ; 74112:inst3|8 ; --         ; CL       ; 0            ;
; Worst-case tco               ; N/A   ; None          ; 6.400 ns    ; 74112:inst3|8 ; Q             ; CL         ; --       ; 0            ;
; Worst-case th                ; N/A   ; None          ; 0.400 ns    ; D             ; 74112:inst3|8 ; --         ; CL       ; 0            ;
; Total number of failed paths ;       ;               ;             ;               ;               ;            ;          ; 0            ;
+------------------------------+-------+---------------+-------------+---------------+---------------+------------+----------+--------------+


+------------------------------------------------------------------------------------------------------+
; Timing Analyzer Settings                                                                             ;
+-------------------------------------------------------+--------------------+------+----+-------------+
; Option                                                ; Setting            ; From ; To ; Entity Name ;
+-------------------------------------------------------+--------------------+------+----+-------------+
; Device Name                                           ; EP1K30TC144-1      ;      ;    ;             ;
; Timing Models                                         ; Final              ;      ;    ;             ;
; Number of source nodes to report per destination node ; 10                 ;      ;    ;             ;
; Number of destination nodes to report                 ; 10                 ;      ;    ;             ;
; Number of paths to report                             ; 200                ;      ;    ;             ;
; Report Minimum Timing Checks                          ; Off                ;      ;    ;             ;
; Use Fast Timing Models                                ; Off                ;      ;    ;             ;
; Report IO Paths Separately                            ; Off                ;      ;    ;             ;
; Default hold multicycle                               ; Same As Multicycle ;      ;    ;             ;
; Cut paths between unrelated clock domains             ; On                 ;      ;    ;             ;
; Cut off read during write signal paths                ; On                 ;      ;    ;             ;
; Cut off feedback from I/O pins                        ; On                 ;      ;    ;             ;
; Report Combined Fast/Slow Timing                      ; Off                ;      ;    ;             ;
; Ignore Clock Settings                                 ; Off                ;      ;    ;             ;
; Analyze latches as synchronous elements               ; On                 ;      ;    ;             ;
; Enable Recovery/Removal analysis                      ; Off                ;      ;    ;             ;
; Enable Clock Latency                                  ; Off                ;      ;    ;             ;
; Use TimeQuest Timing Analyzer                         ; Off                ;      ;    ;             ;
+-------------------------------------------------------+--------------------+------+----+-------------+


+------------------------------------------------------------------------------------------------------------------------------------------------------------------------------------+
; Clock Settings Summary                                                                                                                                                             ;
+-----------------+--------------------+----------+------------------+---------------+--------------+----------+-----------------------+---------------------+--------+--------------+
; Clock Node Name ; Clock Setting Name ; Type     ; Fmax Requirement ; Early Latency ; Late Latency ; Based on ; Multiply Base Fmax by ; Divide Base Fmax by ; Offset ; Phase offset ;
+-----------------+--------------------+----------+------------------+---------------+--------------+----------+-----------------------+---------------------+--------+--------------+
; CL              ;                    ; User Pin ; None             ; 0.000 ns      ; 0.000 ns     ; --       ; N/A                   ; N/A                 ; N/A    ;              ;
+-----------------+--------------------+----------+------------------+---------------+--------------+----------+-----------------------+---------------------+--------+--------------+


+---------------------------------------------------------------------+
; tsu                                                                 ;
+-------+--------------+------------+------+---------------+----------+
; Slack ; Required tsu ; Actual tsu ; From ; To            ; To Clock ;
+-------+--------------+------------+------+---------------+----------+
; N/A   ; None         ; 0.700 ns   ; D    ; 74112:inst3|8 ; CL       ;
+-------+--------------+------------+------+---------------+----------+


+---------------------------------------------------------------------+
; tco                                                                 ;
+-------+--------------+------------+---------------+----+------------+
; Slack ; Required tco ; Actual tco ; From          ; To ; From Clock ;
+-------+--------------+------------+---------------+----+------------+
; N/A   ; None         ; 6.400 ns   ; 74112:inst3|8 ; Q  ; CL         ;
+-------+--------------+------------+---------------+----+------------+


+---------------------------------------------------------------------------+
; th                                                                        ;
+---------------+-------------+-----------+------+---------------+----------+
; Minimum Slack ; Required th ; Actual th ; From ; To            ; To Clock ;
+---------------+-------------+-----------+------+---------------+----------+
; N/A           ; None        ; 0.400 ns  ; D    ; 74112:inst3|8 ; CL       ;
+---------------+-------------+-----------+------+---------------+----------+


+--------------------------+
; Timing Analyzer Messages ;
+--------------------------+
Info: *******************************************************************
Info: Running Quartus II Timing Analyzer
    Info: Version 6.0 Build 202 06/20/2006 Service Pack 1 SJ Full Version
    Info: Processing started: Wed Oct 25 00:48:40 2023
Info: Command: quartus_tan --read_settings_files=off --write_settings_files=off problem3 -c problem3
Info: Started post-fitting delay annotation
Info: Delay annotation completed successfully
Warning: Found pins functioning as undefined clocks and/or memory enables
    Info: Assuming node "CL" is an undefined clock
Info: No valid register-to-register data paths exist for clock "CL"
Info: tsu for register "74112:inst3|8" (data pin = "D", clock pin = "CL") is 0.700 ns
    Info: + Longest pin to register delay is 1.800 ns
        Info: 1: + IC(0.000 ns) + CELL(1.300 ns) = 1.300 ns; Loc. = PIN_126; Fanout = 1; PIN Node = 'D'
        Info: 2: + IC(0.100 ns) + CELL(0.400 ns) = 1.800 ns; Loc. = LC4_C11; Fanout = 1; REG Node = '74112:inst3|8'
        Info: Total cell delay = 1.700 ns ( 94.44 % )
        Info: Total interconnect delay = 0.100 ns ( 5.56 % )
    Info: + Micro setup delay of destination is 0.400 ns
    Info: - Shortest clock path from clock "CL" to destination register is 1.500 ns
        Info: 1: + IC(0.000 ns) + CELL(1.300 ns) = 1.300 ns; Loc. = PIN_55; Fanout = 1; CLK Node = 'CL'
        Info: 2: + IC(0.200 ns) + CELL(0.000 ns) = 1.500 ns; Loc. = LC4_C11; Fanout = 1; REG Node = '74112:inst3|8'
        Info: Total cell delay = 1.300 ns ( 86.67 % )
        Info: Total interconnect delay = 0.200 ns ( 13.33 % )
Info: tco from clock "CL" to destination pin "Q" through register "74112:inst3|8" is 6.400 ns
    Info: + Longest clock path from clock "CL" to source register is 1.500 ns
        Info: 1: + IC(0.000 ns) + CELL(1.300 ns) = 1.300 ns; Loc. = PIN_55; Fanout = 1; CLK Node = 'CL'
        Info: 2: + IC(0.200 ns) + CELL(0.000 ns) = 1.500 ns; Loc. = LC4_C11; Fanout = 1; REG Node = '74112:inst3|8'
        Info: Total cell delay = 1.300 ns ( 86.67 % )
        Info: Total interconnect delay = 0.200 ns ( 13.33 % )
    Info: + Micro clock to output delay of source is 0.300 ns
    Info: + Longest register to pin delay is 4.600 ns
        Info: 1: + IC(0.000 ns) + CELL(0.000 ns) = 0.000 ns; Loc. = LC4_C11; Fanout = 1; REG Node = '74112:inst3|8'
        Info: 2: + IC(0.800 ns) + CELL(3.800 ns) = 4.600 ns; Loc. = PIN_96; Fanout = 0; PIN Node = 'Q'
        Info: Total cell delay = 3.800 ns ( 82.61 % )
        Info: Total interconnect delay = 0.800 ns ( 17.39 % )
Info: th for register "74112:inst3|8" (data pin = "D", clock pin = "CL") is 0.400 ns
    Info: + Longest clock path from clock "CL" to destination register is 1.500 ns
        Info: 1: + IC(0.000 ns) + CELL(1.300 ns) = 1.300 ns; Loc. = PIN_55; Fanout = 1; CLK Node = 'CL'
        Info: 2: + IC(0.200 ns) + CELL(0.000 ns) = 1.500 ns; Loc. = LC4_C11; Fanout = 1; REG Node = '74112:inst3|8'
        Info: Total cell delay = 1.300 ns ( 86.67 % )
        Info: Total interconnect delay = 0.200 ns ( 13.33 % )
    Info: + Micro hold delay of destination is 0.700 ns
    Info: - Shortest pin to register delay is 1.800 ns
        Info: 1: + IC(0.000 ns) + CELL(1.300 ns) = 1.300 ns; Loc. = PIN_126; Fanout = 1; PIN Node = 'D'
        Info: 2: + IC(0.100 ns) + CELL(0.400 ns) = 1.800 ns; Loc. = LC4_C11; Fanout = 1; REG Node = '74112:inst3|8'
        Info: Total cell delay = 1.700 ns ( 94.44 % )
        Info: Total interconnect delay = 0.100 ns ( 5.56 % )
Info: Quartus II Timing Analyzer was successful. 0 errors, 1 warning
    Info: Processing ended: Wed Oct 25 00:48:40 2023
    Info: Elapsed time: 00:00:00


