Timing Analyzer report for ad_light_controller
Thu Jun 27 20:02:17 2024
Version 6.0 Build 202 06/20/2006 Service Pack 1 SJ Full Version


---------------------
; Table of Contents ;
---------------------
  1. Legal Notice
  2. Timing Analyzer Summary
  3. Timing Analyzer Settings
  4. Clock Settings Summary
  5. Clock Setup: 'clk'
  6. tsu
  7. tco
  8. th
  9. Timing Analyzer Messages



----------------
; Legal Notice ;
----------------
Copyright (C) 1991-2006 Altera Corporation
Your use of Altera Corporation's design tools, logic functions 
and other software and tools, and its AMPP partner logic 
functions, and any output files any of the foregoing 
(including device programming or simulation files), and any 
associated documentation or information are expressly subject 
to the terms and conditions of the Altera Program License 
Subscription Agreement, Altera MegaCore Function License 
Agreement, or other applicable license agreement, including, 
without limitation, that your use is for the sole purpose of 
programming logic devices manufactured by Altera and sold by 
Altera or its authorized distributors.  Please refer to the 
applicable agreement for further details.



+--------------------------------------------------------------------------------------------------------------------------------------------------------------------------------------------------------------------+
; Timing Analyzer Summary                                                                                                                                                                                            ;
+------------------------------+-------+---------------+----------------------------------+-----------------------------------------+-----------------------------------------+------------+----------+--------------+
; Type                         ; Slack ; Required Time ; Actual Time                      ; From                                    ; To                                      ; From Clock ; To Clock ; Failed Paths ;
+------------------------------+-------+---------------+----------------------------------+-----------------------------------------+-----------------------------------------+------------+----------+--------------+
; Worst-case tsu               ; N/A   ; None          ; 7.300 ns                         ; rst_n                                   ; digit_display:u_digit_display|value[3]  ; --         ; clk      ; 0            ;
; Worst-case tco               ; N/A   ; None          ; 19.900 ns                        ; led_display:u_led_display|light_ctrl[0] ; light_ctrl[0]                           ; clk        ; --       ; 0            ;
; Worst-case th                ; N/A   ; None          ; 0.700 ns                         ; mode_select[0]                          ; mode_fsm:u_mode_fsm|current_mode[0]     ; --         ; clk      ; 0            ;
; Clock Setup: 'clk'           ; N/A   ; None          ; 50.00 MHz ( period = 20.000 ns ) ; led_display:u_led_display|counter[4]    ; led_display:u_led_display|light_ctrl[0] ; clk        ; clk      ; 0            ;
; Total number of failed paths ;       ;               ;                                  ;                                         ;                                         ;            ;          ; 0            ;
+------------------------------+-------+---------------+----------------------------------+-----------------------------------------+-----------------------------------------+------------+----------+--------------+


+------------------------------------------------------------------------------------------------------+
; Timing Analyzer Settings                                                                             ;
+-------------------------------------------------------+--------------------+------+----+-------------+
; Option                                                ; Setting            ; From ; To ; Entity Name ;
+-------------------------------------------------------+--------------------+------+----+-------------+
; Device Name                                           ; EP1K30TC144-3      ;      ;    ;             ;
; Timing Models                                         ; Final              ;      ;    ;             ;
; Number of source nodes to report per destination node ; 10                 ;      ;    ;             ;
; Number of destination nodes to report                 ; 10                 ;      ;    ;             ;
; Number of paths to report                             ; 200                ;      ;    ;             ;
; Report Minimum Timing Checks                          ; Off                ;      ;    ;             ;
; Use Fast Timing Models                                ; Off                ;      ;    ;             ;
; Report IO Paths Separately                            ; Off                ;      ;    ;             ;
; Default hold multicycle                               ; Same As Multicycle ;      ;    ;             ;
; Cut paths between unrelated clock domains             ; On                 ;      ;    ;             ;
; Cut off read during write signal paths                ; On                 ;      ;    ;             ;
; Cut off feedback from I/O pins                        ; On                 ;      ;    ;             ;
; Report Combined Fast/Slow Timing                      ; Off                ;      ;    ;             ;
; Ignore Clock Settings                                 ; Off                ;      ;    ;             ;
; Analyze latches as synchronous elements               ; On                 ;      ;    ;             ;
; Enable Recovery/Removal analysis                      ; Off                ;      ;    ;             ;
; Enable Clock Latency                                  ; Off                ;      ;    ;             ;
; Use TimeQuest Timing Analyzer                         ; Off                ;      ;    ;             ;
+-------------------------------------------------------+--------------------+------+----+-------------+


+------------------------------------------------------------------------------------------------------------------------------------------------------------------------------------+
; Clock Settings Summary                                                                                                                                                             ;
+-----------------+--------------------+----------+------------------+---------------+--------------+----------+-----------------------+---------------------+--------+--------------+
; Clock Node Name ; Clock Setting Name ; Type     ; Fmax Requirement ; Early Latency ; Late Latency ; Based on ; Multiply Base Fmax by ; Divide Base Fmax by ; Offset ; Phase offset ;
+-----------------+--------------------+----------+------------------+---------------+--------------+----------+-----------------------+---------------------+--------+--------------+
; clk             ;                    ; User Pin ; None             ; 0.000 ns      ; 0.000 ns     ; --       ; N/A                   ; N/A                 ; N/A    ;              ;
+-----------------+--------------------+----------+------------------+---------------+--------------+----------+-----------------------+---------------------+--------+--------------+


+----------------------------------------------------------------------------------------------------------------------------------------------------------------------------------------------------------------------------------------------------------------------------------------------+
; Clock Setup: 'clk'                                                                                                                                                                                                                                                                           ;
+-----------------------------------------+-----------------------------------------------------+---------------------------------------+------------------------------------------+------------+----------+-----------------------------+---------------------------+-------------------------+
; Slack                                   ; Actual fmax (period)                                ; From                                  ; To                                       ; From Clock ; To Clock ; Required Setup Relationship ; Required Longest P2P Time ; Actual Longest P2P Time ;
+-----------------------------------------+-----------------------------------------------------+---------------------------------------+------------------------------------------+------------+----------+-----------------------------+---------------------------+-------------------------+
; N/A                                     ; 50.00 MHz ( period = 20.000 ns )                    ; led_display:u_led_display|counter[4]  ; led_display:u_led_display|light_ctrl[0]  ; clk        ; clk      ; None                        ; None                      ; 20.700 ns               ;
; N/A                                     ; 50.25 MHz ( period = 19.900 ns )                    ; led_display:u_led_display|counter[3]  ; led_display:u_led_display|light_ctrl[0]  ; clk        ; clk      ; None                        ; None                      ; 20.600 ns               ;
; N/A                                     ; 50.51 MHz ( period = 19.800 ns )                    ; led_display:u_led_display|counter[4]  ; led_display:u_led_display|counter[2]     ; clk        ; clk      ; None                        ; None                      ; 18.700 ns               ;
; N/A                                     ; 50.76 MHz ( period = 19.700 ns )                    ; led_display:u_led_display|counter[3]  ; led_display:u_led_display|counter[2]     ; clk        ; clk      ; None                        ; None                      ; 18.600 ns               ;
; N/A                                     ; 50.76 MHz ( period = 19.700 ns )                    ; led_display:u_led_display|counter[4]  ; led_display:u_led_display|counter[0]     ; clk        ; clk      ; None                        ; None                      ; 18.800 ns               ;
; N/A                                     ; 51.02 MHz ( period = 19.600 ns )                    ; led_display:u_led_display|counter[3]  ; led_display:u_led_display|counter[0]     ; clk        ; clk      ; None                        ; None                      ; 18.700 ns               ;
; N/A                                     ; 51.28 MHz ( period = 19.500 ns )                    ; led_display:u_led_display|counter[18] ; led_display:u_led_display|light_ctrl[0]  ; clk        ; clk      ; None                        ; None                      ; 20.100 ns               ;
; N/A                                     ; 51.55 MHz ( period = 19.400 ns )                    ; led_display:u_led_display|counter[17] ; led_display:u_led_display|light_ctrl[0]  ; clk        ; clk      ; None                        ; None                      ; 20.000 ns               ;
; N/A                                     ; 51.55 MHz ( period = 19.400 ns )                    ; led_display:u_led_display|counter[16] ; led_display:u_led_display|light_ctrl[0]  ; clk        ; clk      ; None                        ; None                      ; 20.000 ns               ;
; N/A                                     ; 51.55 MHz ( period = 19.400 ns )                    ; led_display:u_led_display|counter[6]  ; led_display:u_led_display|light_ctrl[0]  ; clk        ; clk      ; None                        ; None                      ; 20.100 ns               ;
; N/A                                     ; 51.81 MHz ( period = 19.300 ns )                    ; led_display:u_led_display|counter[5]  ; led_display:u_led_display|light_ctrl[0]  ; clk        ; clk      ; None                        ; None                      ; 20.000 ns               ;
; N/A                                     ; 51.81 MHz ( period = 19.300 ns )                    ; led_display:u_led_display|counter[9]  ; led_display:u_led_display|light_ctrl[0]  ; clk        ; clk      ; None                        ; None                      ; 19.900 ns               ;
; N/A                                     ; 51.81 MHz ( period = 19.300 ns )                    ; led_display:u_led_display|counter[18] ; led_display:u_led_display|counter[2]     ; clk        ; clk      ; None                        ; None                      ; 18.100 ns               ;
; N/A                                     ; 52.08 MHz ( period = 19.200 ns )                    ; led_display:u_led_display|counter[15] ; led_display:u_led_display|light_ctrl[0]  ; clk        ; clk      ; None                        ; None                      ; 19.800 ns               ;
; N/A                                     ; 52.08 MHz ( period = 19.200 ns )                    ; led_display:u_led_display|counter[4]  ; led_display:u_led_display|light_ctrl[1]  ; clk        ; clk      ; None                        ; None                      ; 18.600 ns               ;
; N/A                                     ; 52.08 MHz ( period = 19.200 ns )                    ; led_display:u_led_display|counter[17] ; led_display:u_led_display|counter[2]     ; clk        ; clk      ; None                        ; None                      ; 18.000 ns               ;
; N/A                                     ; 52.08 MHz ( period = 19.200 ns )                    ; led_display:u_led_display|counter[16] ; led_display:u_led_display|counter[2]     ; clk        ; clk      ; None                        ; None                      ; 18.000 ns               ;
; N/A                                     ; 52.08 MHz ( period = 19.200 ns )                    ; led_display:u_led_display|counter[6]  ; led_display:u_led_display|counter[2]     ; clk        ; clk      ; None                        ; None                      ; 18.100 ns               ;
; N/A                                     ; 52.08 MHz ( period = 19.200 ns )                    ; led_display:u_led_display|counter[18] ; led_display:u_led_display|counter[0]     ; clk        ; clk      ; None                        ; None                      ; 18.200 ns               ;
; N/A                                     ; 52.36 MHz ( period = 19.100 ns )                    ; led_display:u_led_display|counter[3]  ; led_display:u_led_display|light_ctrl[1]  ; clk        ; clk      ; None                        ; None                      ; 18.500 ns               ;
; N/A                                     ; 52.36 MHz ( period = 19.100 ns )                    ; led_display:u_led_display|counter[4]  ; led_display:u_led_display|light_ctrl[6]  ; clk        ; clk      ; None                        ; None                      ; 19.900 ns               ;
; N/A                                     ; 52.36 MHz ( period = 19.100 ns )                    ; led_display:u_led_display|counter[5]  ; led_display:u_led_display|counter[2]     ; clk        ; clk      ; None                        ; None                      ; 18.000 ns               ;
; N/A                                     ; 52.36 MHz ( period = 19.100 ns )                    ; led_display:u_led_display|counter[9]  ; led_display:u_led_display|counter[2]     ; clk        ; clk      ; None                        ; None                      ; 17.900 ns               ;
; N/A                                     ; 52.36 MHz ( period = 19.100 ns )                    ; led_display:u_led_display|counter[17] ; led_display:u_led_display|counter[0]     ; clk        ; clk      ; None                        ; None                      ; 18.100 ns               ;
; N/A                                     ; 52.36 MHz ( period = 19.100 ns )                    ; led_display:u_led_display|counter[16] ; led_display:u_led_display|counter[0]     ; clk        ; clk      ; None                        ; None                      ; 18.100 ns               ;
; N/A                                     ; 52.36 MHz ( period = 19.100 ns )                    ; led_display:u_led_display|counter[6]  ; led_display:u_led_display|counter[0]     ; clk        ; clk      ; None                        ; None                      ; 18.200 ns               ;
; N/A                                     ; 52.63 MHz ( period = 19.000 ns )                    ; led_display:u_led_display|counter[21] ; led_display:u_led_display|light_ctrl[0]  ; clk        ; clk      ; None                        ; None                      ; 19.700 ns               ;
; N/A                                     ; 52.63 MHz ( period = 19.000 ns )                    ; led_display:u_led_display|counter[3]  ; led_display:u_led_display|light_ctrl[6]  ; clk        ; clk      ; None                        ; None                      ; 19.800 ns               ;
; N/A                                     ; 52.63 MHz ( period = 19.000 ns )                    ; led_display:u_led_display|counter[15] ; led_display:u_led_display|counter[2]     ; clk        ; clk      ; None                        ; None                      ; 17.800 ns               ;
; N/A                                     ; 52.63 MHz ( period = 19.000 ns )                    ; led_display:u_led_display|counter[5]  ; led_display:u_led_display|counter[0]     ; clk        ; clk      ; None                        ; None                      ; 18.100 ns               ;
; N/A                                     ; 52.63 MHz ( period = 19.000 ns )                    ; led_display:u_led_display|counter[9]  ; led_display:u_led_display|counter[0]     ; clk        ; clk      ; None                        ; None                      ; 18.000 ns               ;
; N/A                                     ; 52.91 MHz ( period = 18.900 ns )                    ; led_display:u_led_display|counter[30] ; led_display:u_led_display|light_ctrl[0]  ; clk        ; clk      ; None                        ; None                      ; 19.300 ns               ;
; N/A                                     ; 52.91 MHz ( period = 18.900 ns )                    ; led_display:u_led_display|counter[7]  ; led_display:u_led_display|light_ctrl[0]  ; clk        ; clk      ; None                        ; None                      ; 19.600 ns               ;
; N/A                                     ; 52.91 MHz ( period = 18.900 ns )                    ; led_display:u_led_display|counter[15] ; led_display:u_led_display|counter[0]     ; clk        ; clk      ; None                        ; None                      ; 17.900 ns               ;
; N/A                                     ; 53.19 MHz ( period = 18.800 ns )                    ; led_display:u_led_display|counter[29] ; led_display:u_led_display|light_ctrl[0]  ; clk        ; clk      ; None                        ; None                      ; 19.200 ns               ;
; N/A                                     ; 53.19 MHz ( period = 18.800 ns )                    ; led_display:u_led_display|counter[28] ; led_display:u_led_display|light_ctrl[0]  ; clk        ; clk      ; None                        ; None                      ; 19.200 ns               ;
; N/A                                     ; 53.19 MHz ( period = 18.800 ns )                    ; led_display:u_led_display|counter[19] ; led_display:u_led_display|light_ctrl[0]  ; clk        ; clk      ; None                        ; None                      ; 19.500 ns               ;
; N/A                                     ; 53.19 MHz ( period = 18.800 ns )                    ; led_display:u_led_display|counter[21] ; led_display:u_led_display|counter[2]     ; clk        ; clk      ; None                        ; None                      ; 17.700 ns               ;
; N/A                                     ; 53.48 MHz ( period = 18.700 ns )                    ; led_display:u_led_display|counter[18] ; led_display:u_led_display|light_ctrl[1]  ; clk        ; clk      ; None                        ; None                      ; 18.000 ns               ;
; N/A                                     ; 53.48 MHz ( period = 18.700 ns )                    ; led_display:u_led_display|counter[30] ; led_display:u_led_display|counter[2]     ; clk        ; clk      ; None                        ; None                      ; 17.300 ns               ;
; N/A                                     ; 53.48 MHz ( period = 18.700 ns )                    ; led_display:u_led_display|counter[7]  ; led_display:u_led_display|counter[2]     ; clk        ; clk      ; None                        ; None                      ; 17.600 ns               ;
; N/A                                     ; 53.48 MHz ( period = 18.700 ns )                    ; led_display:u_led_display|counter[21] ; led_display:u_led_display|counter[0]     ; clk        ; clk      ; None                        ; None                      ; 17.800 ns               ;
; N/A                                     ; 53.76 MHz ( period = 18.600 ns )                    ; led_display:u_led_display|counter[27] ; led_display:u_led_display|light_ctrl[0]  ; clk        ; clk      ; None                        ; None                      ; 19.000 ns               ;
; N/A                                     ; 53.76 MHz ( period = 18.600 ns )                    ; led_display:u_led_display|counter[17] ; led_display:u_led_display|light_ctrl[1]  ; clk        ; clk      ; None                        ; None                      ; 17.900 ns               ;
; N/A                                     ; 53.76 MHz ( period = 18.600 ns )                    ; led_display:u_led_display|counter[16] ; led_display:u_led_display|light_ctrl[1]  ; clk        ; clk      ; None                        ; None                      ; 17.900 ns               ;
; N/A                                     ; 53.76 MHz ( period = 18.600 ns )                    ; led_display:u_led_display|counter[6]  ; led_display:u_led_display|light_ctrl[1]  ; clk        ; clk      ; None                        ; None                      ; 18.000 ns               ;
; N/A                                     ; 53.76 MHz ( period = 18.600 ns )                    ; led_display:u_led_display|counter[18] ; led_display:u_led_display|light_ctrl[6]  ; clk        ; clk      ; None                        ; None                      ; 19.300 ns               ;
; N/A                                     ; 53.76 MHz ( period = 18.600 ns )                    ; led_display:u_led_display|counter[29] ; led_display:u_led_display|counter[2]     ; clk        ; clk      ; None                        ; None                      ; 17.200 ns               ;
; N/A                                     ; 53.76 MHz ( period = 18.600 ns )                    ; led_display:u_led_display|counter[28] ; led_display:u_led_display|counter[2]     ; clk        ; clk      ; None                        ; None                      ; 17.200 ns               ;
; N/A                                     ; 53.76 MHz ( period = 18.600 ns )                    ; led_display:u_led_display|counter[19] ; led_display:u_led_display|counter[2]     ; clk        ; clk      ; None                        ; None                      ; 17.500 ns               ;
; N/A                                     ; 53.76 MHz ( period = 18.600 ns )                    ; led_display:u_led_display|counter[30] ; led_display:u_led_display|counter[0]     ; clk        ; clk      ; None                        ; None                      ; 17.400 ns               ;
; N/A                                     ; 53.76 MHz ( period = 18.600 ns )                    ; led_display:u_led_display|counter[7]  ; led_display:u_led_display|counter[0]     ; clk        ; clk      ; None                        ; None                      ; 17.700 ns               ;
; N/A                                     ; 54.05 MHz ( period = 18.500 ns )                    ; led_display:u_led_display|counter[22] ; led_display:u_led_display|light_ctrl[0]  ; clk        ; clk      ; None                        ; None                      ; 19.100 ns               ;
; N/A                                     ; 54.05 MHz ( period = 18.500 ns )                    ; led_display:u_led_display|counter[5]  ; led_display:u_led_display|light_ctrl[1]  ; clk        ; clk      ; None                        ; None                      ; 17.900 ns               ;
; N/A                                     ; 54.05 MHz ( period = 18.500 ns )                    ; led_display:u_led_display|counter[9]  ; led_display:u_led_display|light_ctrl[1]  ; clk        ; clk      ; None                        ; None                      ; 17.800 ns               ;
; N/A                                     ; 54.05 MHz ( period = 18.500 ns )                    ; led_display:u_led_display|counter[17] ; led_display:u_led_display|light_ctrl[6]  ; clk        ; clk      ; None                        ; None                      ; 19.200 ns               ;
; N/A                                     ; 54.05 MHz ( period = 18.500 ns )                    ; led_display:u_led_display|counter[16] ; led_display:u_led_display|light_ctrl[6]  ; clk        ; clk      ; None                        ; None                      ; 19.200 ns               ;
; N/A                                     ; 54.05 MHz ( period = 18.500 ns )                    ; led_display:u_led_display|counter[6]  ; led_display:u_led_display|light_ctrl[6]  ; clk        ; clk      ; None                        ; None                      ; 19.300 ns               ;
; N/A                                     ; 54.05 MHz ( period = 18.500 ns )                    ; led_display:u_led_display|counter[29] ; led_display:u_led_display|counter[0]     ; clk        ; clk      ; None                        ; None                      ; 17.300 ns               ;
; N/A                                     ; 54.05 MHz ( period = 18.500 ns )                    ; led_display:u_led_display|counter[28] ; led_display:u_led_display|counter[0]     ; clk        ; clk      ; None                        ; None                      ; 17.300 ns               ;
; N/A                                     ; 54.05 MHz ( period = 18.500 ns )                    ; led_display:u_led_display|counter[19] ; led_display:u_led_display|counter[0]     ; clk        ; clk      ; None                        ; None                      ; 17.600 ns               ;
; N/A                                     ; 54.35 MHz ( period = 18.400 ns )                    ; led_display:u_led_display|counter[26] ; led_display:u_led_display|light_ctrl[0]  ; clk        ; clk      ; None                        ; None                      ; 19.100 ns               ;
; N/A                                     ; 54.35 MHz ( period = 18.400 ns )                    ; led_display:u_led_display|counter[20] ; led_display:u_led_display|light_ctrl[0]  ; clk        ; clk      ; None                        ; None                      ; 19.000 ns               ;
; N/A                                     ; 54.35 MHz ( period = 18.400 ns )                    ; led_display:u_led_display|counter[10] ; led_display:u_led_display|light_ctrl[0]  ; clk        ; clk      ; None                        ; None                      ; 19.100 ns               ;
; N/A                                     ; 54.35 MHz ( period = 18.400 ns )                    ; led_display:u_led_display|counter[15] ; led_display:u_led_display|light_ctrl[1]  ; clk        ; clk      ; None                        ; None                      ; 17.700 ns               ;
; N/A                                     ; 54.35 MHz ( period = 18.400 ns )                    ; led_display:u_led_display|counter[5]  ; led_display:u_led_display|light_ctrl[6]  ; clk        ; clk      ; None                        ; None                      ; 19.200 ns               ;
; N/A                                     ; 54.35 MHz ( period = 18.400 ns )                    ; led_display:u_led_display|counter[9]  ; led_display:u_led_display|light_ctrl[6]  ; clk        ; clk      ; None                        ; None                      ; 19.100 ns               ;
; N/A                                     ; 54.35 MHz ( period = 18.400 ns )                    ; led_display:u_led_display|counter[27] ; led_display:u_led_display|counter[2]     ; clk        ; clk      ; None                        ; None                      ; 17.000 ns               ;
; N/A                                     ; 54.35 MHz ( period = 18.400 ns )                    ; led_display:u_led_display|counter[4]  ; led_display:u_led_display|counter[3]     ; clk        ; clk      ; None                        ; None                      ; 17.300 ns               ;
; N/A                                     ; 54.64 MHz ( period = 18.300 ns )                    ; led_display:u_led_display|counter[25] ; led_display:u_led_display|light_ctrl[0]  ; clk        ; clk      ; None                        ; None                      ; 19.000 ns               ;
; N/A                                     ; 54.64 MHz ( period = 18.300 ns )                    ; led_display:u_led_display|counter[24] ; led_display:u_led_display|light_ctrl[0]  ; clk        ; clk      ; None                        ; None                      ; 19.000 ns               ;
; N/A                                     ; 54.64 MHz ( period = 18.300 ns )                    ; led_display:u_led_display|counter[8]  ; led_display:u_led_display|light_ctrl[0]  ; clk        ; clk      ; None                        ; None                      ; 19.000 ns               ;
; N/A                                     ; 54.64 MHz ( period = 18.300 ns )                    ; led_display:u_led_display|counter[15] ; led_display:u_led_display|light_ctrl[6]  ; clk        ; clk      ; None                        ; None                      ; 19.000 ns               ;
; N/A                                     ; 54.64 MHz ( period = 18.300 ns )                    ; led_display:u_led_display|counter[22] ; led_display:u_led_display|counter[2]     ; clk        ; clk      ; None                        ; None                      ; 17.100 ns               ;
; N/A                                     ; 54.64 MHz ( period = 18.300 ns )                    ; led_display:u_led_display|counter[27] ; led_display:u_led_display|counter[0]     ; clk        ; clk      ; None                        ; None                      ; 17.100 ns               ;
; N/A                                     ; 54.64 MHz ( period = 18.300 ns )                    ; led_display:u_led_display|counter[3]  ; led_display:u_led_display|counter[3]     ; clk        ; clk      ; None                        ; None                      ; 17.200 ns               ;
; N/A                                     ; 54.95 MHz ( period = 18.200 ns )                    ; led_display:u_led_display|counter[14] ; led_display:u_led_display|light_ctrl[0]  ; clk        ; clk      ; None                        ; None                      ; 18.900 ns               ;
; N/A                                     ; 54.95 MHz ( period = 18.200 ns )                    ; led_display:u_led_display|counter[21] ; led_display:u_led_display|light_ctrl[1]  ; clk        ; clk      ; None                        ; None                      ; 17.600 ns               ;
; N/A                                     ; 54.95 MHz ( period = 18.200 ns )                    ; led_display:u_led_display|counter[4]  ; led_display:u_led_display|light_ctrl[4]  ; clk        ; clk      ; None                        ; None                      ; 18.900 ns               ;
; N/A                                     ; 54.95 MHz ( period = 18.200 ns )                    ; led_display:u_led_display|counter[26] ; led_display:u_led_display|counter[2]     ; clk        ; clk      ; None                        ; None                      ; 17.100 ns               ;
; N/A                                     ; 54.95 MHz ( period = 18.200 ns )                    ; led_display:u_led_display|counter[20] ; led_display:u_led_display|counter[2]     ; clk        ; clk      ; None                        ; None                      ; 17.000 ns               ;
; N/A                                     ; 54.95 MHz ( period = 18.200 ns )                    ; led_display:u_led_display|counter[10] ; led_display:u_led_display|counter[2]     ; clk        ; clk      ; None                        ; None                      ; 17.100 ns               ;
; N/A                                     ; 54.95 MHz ( period = 18.200 ns )                    ; led_display:u_led_display|counter[22] ; led_display:u_led_display|counter[0]     ; clk        ; clk      ; None                        ; None                      ; 17.200 ns               ;
; N/A                                     ; 55.25 MHz ( period = 18.100 ns )                    ; led_display:u_led_display|counter[23] ; led_display:u_led_display|light_ctrl[0]  ; clk        ; clk      ; None                        ; None                      ; 18.800 ns               ;
; N/A                                     ; 55.25 MHz ( period = 18.100 ns )                    ; led_display:u_led_display|counter[13] ; led_display:u_led_display|light_ctrl[0]  ; clk        ; clk      ; None                        ; None                      ; 18.800 ns               ;
; N/A                                     ; 55.25 MHz ( period = 18.100 ns )                    ; led_display:u_led_display|counter[12] ; led_display:u_led_display|light_ctrl[0]  ; clk        ; clk      ; None                        ; None                      ; 18.800 ns               ;
; N/A                                     ; 55.25 MHz ( period = 18.100 ns )                    ; led_display:u_led_display|counter[11] ; led_display:u_led_display|light_ctrl[0]  ; clk        ; clk      ; None                        ; None                      ; 18.800 ns               ;
; N/A                                     ; 55.25 MHz ( period = 18.100 ns )                    ; led_display:u_led_display|counter[30] ; led_display:u_led_display|light_ctrl[1]  ; clk        ; clk      ; None                        ; None                      ; 17.200 ns               ;
; N/A                                     ; 55.25 MHz ( period = 18.100 ns )                    ; led_display:u_led_display|counter[7]  ; led_display:u_led_display|light_ctrl[1]  ; clk        ; clk      ; None                        ; None                      ; 17.500 ns               ;
; N/A                                     ; 55.25 MHz ( period = 18.100 ns )                    ; led_display:u_led_display|counter[3]  ; led_display:u_led_display|light_ctrl[4]  ; clk        ; clk      ; None                        ; None                      ; 18.800 ns               ;
; N/A                                     ; 55.25 MHz ( period = 18.100 ns )                    ; led_display:u_led_display|counter[21] ; led_display:u_led_display|light_ctrl[6]  ; clk        ; clk      ; None                        ; None                      ; 18.900 ns               ;
; N/A                                     ; 55.25 MHz ( period = 18.100 ns )                    ; led_display:u_led_display|counter[25] ; led_display:u_led_display|counter[2]     ; clk        ; clk      ; None                        ; None                      ; 17.000 ns               ;
; N/A                                     ; 55.25 MHz ( period = 18.100 ns )                    ; led_display:u_led_display|counter[24] ; led_display:u_led_display|counter[2]     ; clk        ; clk      ; None                        ; None                      ; 17.000 ns               ;
; N/A                                     ; 55.25 MHz ( period = 18.100 ns )                    ; led_display:u_led_display|counter[8]  ; led_display:u_led_display|counter[2]     ; clk        ; clk      ; None                        ; None                      ; 17.000 ns               ;
; N/A                                     ; 55.25 MHz ( period = 18.100 ns )                    ; led_display:u_led_display|counter[26] ; led_display:u_led_display|counter[0]     ; clk        ; clk      ; None                        ; None                      ; 17.200 ns               ;
; N/A                                     ; 55.25 MHz ( period = 18.100 ns )                    ; led_display:u_led_display|counter[20] ; led_display:u_led_display|counter[0]     ; clk        ; clk      ; None                        ; None                      ; 17.100 ns               ;
; N/A                                     ; 55.25 MHz ( period = 18.100 ns )                    ; led_display:u_led_display|counter[10] ; led_display:u_led_display|counter[0]     ; clk        ; clk      ; None                        ; None                      ; 17.200 ns               ;
; N/A                                     ; 55.56 MHz ( period = 18.000 ns )                    ; led_display:u_led_display|counter[29] ; led_display:u_led_display|light_ctrl[1]  ; clk        ; clk      ; None                        ; None                      ; 17.100 ns               ;
; N/A                                     ; 55.56 MHz ( period = 18.000 ns )                    ; led_display:u_led_display|counter[28] ; led_display:u_led_display|light_ctrl[1]  ; clk        ; clk      ; None                        ; None                      ; 17.100 ns               ;
; N/A                                     ; 55.56 MHz ( period = 18.000 ns )                    ; led_display:u_led_display|counter[19] ; led_display:u_led_display|light_ctrl[1]  ; clk        ; clk      ; None                        ; None                      ; 17.400 ns               ;
; N/A                                     ; 55.56 MHz ( period = 18.000 ns )                    ; led_display:u_led_display|counter[30] ; led_display:u_led_display|light_ctrl[6]  ; clk        ; clk      ; None                        ; None                      ; 18.500 ns               ;
; N/A                                     ; 55.56 MHz ( period = 18.000 ns )                    ; led_display:u_led_display|counter[7]  ; led_display:u_led_display|light_ctrl[6]  ; clk        ; clk      ; None                        ; None                      ; 18.800 ns               ;
; N/A                                     ; 55.56 MHz ( period = 18.000 ns )                    ; led_display:u_led_display|counter[4]  ; led_display:u_led_display|light_ctrl[14] ; clk        ; clk      ; None                        ; None                      ; 18.900 ns               ;
; N/A                                     ; 55.56 MHz ( period = 18.000 ns )                    ; led_display:u_led_display|counter[14] ; led_display:u_led_display|counter[2]     ; clk        ; clk      ; None                        ; None                      ; 16.900 ns               ;
; N/A                                     ; 55.56 MHz ( period = 18.000 ns )                    ; led_display:u_led_display|counter[25] ; led_display:u_led_display|counter[0]     ; clk        ; clk      ; None                        ; None                      ; 17.100 ns               ;
; N/A                                     ; 55.56 MHz ( period = 18.000 ns )                    ; led_display:u_led_display|counter[24] ; led_display:u_led_display|counter[0]     ; clk        ; clk      ; None                        ; None                      ; 17.100 ns               ;
; N/A                                     ; 55.56 MHz ( period = 18.000 ns )                    ; led_display:u_led_display|counter[8]  ; led_display:u_led_display|counter[0]     ; clk        ; clk      ; None                        ; None                      ; 17.100 ns               ;
; N/A                                     ; 55.87 MHz ( period = 17.900 ns )                    ; led_display:u_led_display|counter[4]  ; led_display:u_led_display|light_ctrl[5]  ; clk        ; clk      ; None                        ; None                      ; 18.100 ns               ;
; N/A                                     ; 55.87 MHz ( period = 17.900 ns )                    ; led_display:u_led_display|counter[29] ; led_display:u_led_display|light_ctrl[6]  ; clk        ; clk      ; None                        ; None                      ; 18.400 ns               ;
; N/A                                     ; 55.87 MHz ( period = 17.900 ns )                    ; led_display:u_led_display|counter[28] ; led_display:u_led_display|light_ctrl[6]  ; clk        ; clk      ; None                        ; None                      ; 18.400 ns               ;
; N/A                                     ; 55.87 MHz ( period = 17.900 ns )                    ; led_display:u_led_display|counter[19] ; led_display:u_led_display|light_ctrl[6]  ; clk        ; clk      ; None                        ; None                      ; 18.700 ns               ;
; N/A                                     ; 55.87 MHz ( period = 17.900 ns )                    ; led_display:u_led_display|counter[4]  ; led_display:u_led_display|light_ctrl[12] ; clk        ; clk      ; None                        ; None                      ; 18.800 ns               ;
; N/A                                     ; 55.87 MHz ( period = 17.900 ns )                    ; led_display:u_led_display|counter[3]  ; led_display:u_led_display|light_ctrl[14] ; clk        ; clk      ; None                        ; None                      ; 18.800 ns               ;
; N/A                                     ; 55.87 MHz ( period = 17.900 ns )                    ; led_display:u_led_display|counter[4]  ; led_display:u_led_display|counter[1]     ; clk        ; clk      ; None                        ; None                      ; 16.800 ns               ;
; N/A                                     ; 55.87 MHz ( period = 17.900 ns )                    ; led_display:u_led_display|counter[23] ; led_display:u_led_display|counter[2]     ; clk        ; clk      ; None                        ; None                      ; 16.800 ns               ;
; N/A                                     ; 55.87 MHz ( period = 17.900 ns )                    ; led_display:u_led_display|counter[13] ; led_display:u_led_display|counter[2]     ; clk        ; clk      ; None                        ; None                      ; 16.800 ns               ;
; N/A                                     ; 55.87 MHz ( period = 17.900 ns )                    ; led_display:u_led_display|counter[12] ; led_display:u_led_display|counter[2]     ; clk        ; clk      ; None                        ; None                      ; 16.800 ns               ;
; N/A                                     ; 55.87 MHz ( period = 17.900 ns )                    ; led_display:u_led_display|counter[11] ; led_display:u_led_display|counter[2]     ; clk        ; clk      ; None                        ; None                      ; 16.800 ns               ;
; N/A                                     ; 55.87 MHz ( period = 17.900 ns )                    ; led_display:u_led_display|counter[14] ; led_display:u_led_display|counter[0]     ; clk        ; clk      ; None                        ; None                      ; 17.000 ns               ;
; N/A                                     ; 55.87 MHz ( period = 17.900 ns )                    ; led_display:u_led_display|counter[18] ; led_display:u_led_display|counter[3]     ; clk        ; clk      ; None                        ; None                      ; 16.700 ns               ;
; N/A                                     ; 56.18 MHz ( period = 17.800 ns )                    ; led_display:u_led_display|counter[27] ; led_display:u_led_display|light_ctrl[1]  ; clk        ; clk      ; None                        ; None                      ; 16.900 ns               ;
; N/A                                     ; 56.18 MHz ( period = 17.800 ns )                    ; led_display:u_led_display|counter[3]  ; led_display:u_led_display|light_ctrl[5]  ; clk        ; clk      ; None                        ; None                      ; 18.000 ns               ;
; N/A                                     ; 56.18 MHz ( period = 17.800 ns )                    ; led_display:u_led_display|counter[3]  ; led_display:u_led_display|light_ctrl[12] ; clk        ; clk      ; None                        ; None                      ; 18.700 ns               ;
; N/A                                     ; 56.18 MHz ( period = 17.800 ns )                    ; led_display:u_led_display|counter[3]  ; led_display:u_led_display|counter[1]     ; clk        ; clk      ; None                        ; None                      ; 16.700 ns               ;
; N/A                                     ; 56.18 MHz ( period = 17.800 ns )                    ; led_display:u_led_display|counter[23] ; led_display:u_led_display|counter[0]     ; clk        ; clk      ; None                        ; None                      ; 16.900 ns               ;
; N/A                                     ; 56.18 MHz ( period = 17.800 ns )                    ; led_display:u_led_display|counter[13] ; led_display:u_led_display|counter[0]     ; clk        ; clk      ; None                        ; None                      ; 16.900 ns               ;
; N/A                                     ; 56.18 MHz ( period = 17.800 ns )                    ; led_display:u_led_display|counter[12] ; led_display:u_led_display|counter[0]     ; clk        ; clk      ; None                        ; None                      ; 16.900 ns               ;
; N/A                                     ; 56.18 MHz ( period = 17.800 ns )                    ; led_display:u_led_display|counter[11] ; led_display:u_led_display|counter[0]     ; clk        ; clk      ; None                        ; None                      ; 16.900 ns               ;
; N/A                                     ; 56.18 MHz ( period = 17.800 ns )                    ; led_display:u_led_display|counter[17] ; led_display:u_led_display|counter[3]     ; clk        ; clk      ; None                        ; None                      ; 16.600 ns               ;
; N/A                                     ; 56.18 MHz ( period = 17.800 ns )                    ; led_display:u_led_display|counter[16] ; led_display:u_led_display|counter[3]     ; clk        ; clk      ; None                        ; None                      ; 16.600 ns               ;
; N/A                                     ; 56.18 MHz ( period = 17.800 ns )                    ; led_display:u_led_display|counter[6]  ; led_display:u_led_display|counter[3]     ; clk        ; clk      ; None                        ; None                      ; 16.700 ns               ;
; N/A                                     ; 56.50 MHz ( period = 17.700 ns )                    ; led_display:u_led_display|counter[22] ; led_display:u_led_display|light_ctrl[1]  ; clk        ; clk      ; None                        ; None                      ; 17.000 ns               ;
; N/A                                     ; 56.50 MHz ( period = 17.700 ns )                    ; led_display:u_led_display|counter[18] ; led_display:u_led_display|light_ctrl[4]  ; clk        ; clk      ; None                        ; None                      ; 18.300 ns               ;
; N/A                                     ; 56.50 MHz ( period = 17.700 ns )                    ; led_display:u_led_display|counter[27] ; led_display:u_led_display|light_ctrl[6]  ; clk        ; clk      ; None                        ; None                      ; 18.200 ns               ;
; N/A                                     ; 56.50 MHz ( period = 17.700 ns )                    ; led_display:u_led_display|counter[5]  ; led_display:u_led_display|counter[3]     ; clk        ; clk      ; None                        ; None                      ; 16.600 ns               ;
; N/A                                     ; 56.50 MHz ( period = 17.700 ns )                    ; led_display:u_led_display|counter[9]  ; led_display:u_led_display|counter[3]     ; clk        ; clk      ; None                        ; None                      ; 16.500 ns               ;
; N/A                                     ; 56.82 MHz ( period = 17.600 ns )                    ; led_display:u_led_display|counter[26] ; led_display:u_led_display|light_ctrl[1]  ; clk        ; clk      ; None                        ; None                      ; 17.000 ns               ;
; N/A                                     ; 56.82 MHz ( period = 17.600 ns )                    ; led_display:u_led_display|counter[20] ; led_display:u_led_display|light_ctrl[1]  ; clk        ; clk      ; None                        ; None                      ; 16.900 ns               ;
; N/A                                     ; 56.82 MHz ( period = 17.600 ns )                    ; led_display:u_led_display|counter[10] ; led_display:u_led_display|light_ctrl[1]  ; clk        ; clk      ; None                        ; None                      ; 17.000 ns               ;
; N/A                                     ; 56.82 MHz ( period = 17.600 ns )                    ; led_display:u_led_display|counter[4]  ; led_display:u_led_display|light_ctrl[2]  ; clk        ; clk      ; None                        ; None                      ; 18.200 ns               ;
; N/A                                     ; 56.82 MHz ( period = 17.600 ns )                    ; led_display:u_led_display|counter[17] ; led_display:u_led_display|light_ctrl[4]  ; clk        ; clk      ; None                        ; None                      ; 18.200 ns               ;
; N/A                                     ; 56.82 MHz ( period = 17.600 ns )                    ; led_display:u_led_display|counter[16] ; led_display:u_led_display|light_ctrl[4]  ; clk        ; clk      ; None                        ; None                      ; 18.200 ns               ;
; N/A                                     ; 56.82 MHz ( period = 17.600 ns )                    ; led_display:u_led_display|counter[6]  ; led_display:u_led_display|light_ctrl[4]  ; clk        ; clk      ; None                        ; None                      ; 18.300 ns               ;
; N/A                                     ; 56.82 MHz ( period = 17.600 ns )                    ; led_display:u_led_display|counter[22] ; led_display:u_led_display|light_ctrl[6]  ; clk        ; clk      ; None                        ; None                      ; 18.300 ns               ;
; N/A                                     ; 56.82 MHz ( period = 17.600 ns )                    ; led_display:u_led_display|counter[15] ; led_display:u_led_display|counter[3]     ; clk        ; clk      ; None                        ; None                      ; 16.400 ns               ;
; N/A                                     ; 57.14 MHz ( period = 17.500 ns )                    ; led_display:u_led_display|counter[25] ; led_display:u_led_display|light_ctrl[1]  ; clk        ; clk      ; None                        ; None                      ; 16.900 ns               ;
; N/A                                     ; 57.14 MHz ( period = 17.500 ns )                    ; led_display:u_led_display|counter[24] ; led_display:u_led_display|light_ctrl[1]  ; clk        ; clk      ; None                        ; None                      ; 16.900 ns               ;
; N/A                                     ; 57.14 MHz ( period = 17.500 ns )                    ; led_display:u_led_display|counter[8]  ; led_display:u_led_display|light_ctrl[1]  ; clk        ; clk      ; None                        ; None                      ; 16.900 ns               ;
; N/A                                     ; 57.14 MHz ( period = 17.500 ns )                    ; led_display:u_led_display|counter[3]  ; led_display:u_led_display|light_ctrl[2]  ; clk        ; clk      ; None                        ; None                      ; 18.100 ns               ;
; N/A                                     ; 57.14 MHz ( period = 17.500 ns )                    ; led_display:u_led_display|counter[5]  ; led_display:u_led_display|light_ctrl[4]  ; clk        ; clk      ; None                        ; None                      ; 18.200 ns               ;
; N/A                                     ; 57.14 MHz ( period = 17.500 ns )                    ; led_display:u_led_display|counter[9]  ; led_display:u_led_display|light_ctrl[4]  ; clk        ; clk      ; None                        ; None                      ; 18.100 ns               ;
; N/A                                     ; 57.14 MHz ( period = 17.500 ns )                    ; led_display:u_led_display|counter[26] ; led_display:u_led_display|light_ctrl[6]  ; clk        ; clk      ; None                        ; None                      ; 18.300 ns               ;
; N/A                                     ; 57.14 MHz ( period = 17.500 ns )                    ; led_display:u_led_display|counter[20] ; led_display:u_led_display|light_ctrl[6]  ; clk        ; clk      ; None                        ; None                      ; 18.200 ns               ;
; N/A                                     ; 57.14 MHz ( period = 17.500 ns )                    ; led_display:u_led_display|counter[10] ; led_display:u_led_display|light_ctrl[6]  ; clk        ; clk      ; None                        ; None                      ; 18.300 ns               ;
; N/A                                     ; 57.14 MHz ( period = 17.500 ns )                    ; led_display:u_led_display|counter[18] ; led_display:u_led_display|light_ctrl[14] ; clk        ; clk      ; None                        ; None                      ; 18.300 ns               ;
; N/A                                     ; 57.47 MHz ( period = 17.400 ns )                    ; led_display:u_led_display|counter[14] ; led_display:u_led_display|light_ctrl[1]  ; clk        ; clk      ; None                        ; None                      ; 16.800 ns               ;
; N/A                                     ; 57.47 MHz ( period = 17.400 ns )                    ; led_display:u_led_display|counter[4]  ; led_display:u_led_display|light_ctrl[3]  ; clk        ; clk      ; None                        ; None                      ; 18.000 ns               ;
; N/A                                     ; 57.47 MHz ( period = 17.400 ns )                    ; led_display:u_led_display|counter[15] ; led_display:u_led_display|light_ctrl[4]  ; clk        ; clk      ; None                        ; None                      ; 18.000 ns               ;
; N/A                                     ; 57.47 MHz ( period = 17.400 ns )                    ; led_display:u_led_display|counter[18] ; led_display:u_led_display|light_ctrl[5]  ; clk        ; clk      ; None                        ; None                      ; 17.500 ns               ;
; N/A                                     ; 57.47 MHz ( period = 17.400 ns )                    ; led_display:u_led_display|counter[25] ; led_display:u_led_display|light_ctrl[6]  ; clk        ; clk      ; None                        ; None                      ; 18.200 ns               ;
; N/A                                     ; 57.47 MHz ( period = 17.400 ns )                    ; led_display:u_led_display|counter[24] ; led_display:u_led_display|light_ctrl[6]  ; clk        ; clk      ; None                        ; None                      ; 18.200 ns               ;
; N/A                                     ; 57.47 MHz ( period = 17.400 ns )                    ; led_display:u_led_display|counter[8]  ; led_display:u_led_display|light_ctrl[6]  ; clk        ; clk      ; None                        ; None                      ; 18.200 ns               ;
; N/A                                     ; 57.47 MHz ( period = 17.400 ns )                    ; led_display:u_led_display|counter[18] ; led_display:u_led_display|light_ctrl[12] ; clk        ; clk      ; None                        ; None                      ; 18.200 ns               ;
; N/A                                     ; 57.47 MHz ( period = 17.400 ns )                    ; led_display:u_led_display|counter[17] ; led_display:u_led_display|light_ctrl[14] ; clk        ; clk      ; None                        ; None                      ; 18.200 ns               ;
; N/A                                     ; 57.47 MHz ( period = 17.400 ns )                    ; led_display:u_led_display|counter[16] ; led_display:u_led_display|light_ctrl[14] ; clk        ; clk      ; None                        ; None                      ; 18.200 ns               ;
; N/A                                     ; 57.47 MHz ( period = 17.400 ns )                    ; led_display:u_led_display|counter[6]  ; led_display:u_led_display|light_ctrl[14] ; clk        ; clk      ; None                        ; None                      ; 18.300 ns               ;
; N/A                                     ; 57.47 MHz ( period = 17.400 ns )                    ; led_display:u_led_display|counter[18] ; led_display:u_led_display|counter[1]     ; clk        ; clk      ; None                        ; None                      ; 16.200 ns               ;
; N/A                                     ; 57.47 MHz ( period = 17.400 ns )                    ; led_display:u_led_display|counter[21] ; led_display:u_led_display|counter[3]     ; clk        ; clk      ; None                        ; None                      ; 16.300 ns               ;
; N/A                                     ; 57.80 MHz ( period = 17.300 ns )                    ; led_display:u_led_display|counter[23] ; led_display:u_led_display|light_ctrl[1]  ; clk        ; clk      ; None                        ; None                      ; 16.700 ns               ;
; N/A                                     ; 57.80 MHz ( period = 17.300 ns )                    ; led_display:u_led_display|counter[13] ; led_display:u_led_display|light_ctrl[1]  ; clk        ; clk      ; None                        ; None                      ; 16.700 ns               ;
; N/A                                     ; 57.80 MHz ( period = 17.300 ns )                    ; led_display:u_led_display|counter[12] ; led_display:u_led_display|light_ctrl[1]  ; clk        ; clk      ; None                        ; None                      ; 16.700 ns               ;
; N/A                                     ; 57.80 MHz ( period = 17.300 ns )                    ; led_display:u_led_display|counter[11] ; led_display:u_led_display|light_ctrl[1]  ; clk        ; clk      ; None                        ; None                      ; 16.700 ns               ;
; N/A                                     ; 57.80 MHz ( period = 17.300 ns )                    ; led_display:u_led_display|counter[3]  ; led_display:u_led_display|light_ctrl[3]  ; clk        ; clk      ; None                        ; None                      ; 17.900 ns               ;
; N/A                                     ; 57.80 MHz ( period = 17.300 ns )                    ; led_display:u_led_display|counter[17] ; led_display:u_led_display|light_ctrl[5]  ; clk        ; clk      ; None                        ; None                      ; 17.400 ns               ;
; N/A                                     ; 57.80 MHz ( period = 17.300 ns )                    ; led_display:u_led_display|counter[16] ; led_display:u_led_display|light_ctrl[5]  ; clk        ; clk      ; None                        ; None                      ; 17.400 ns               ;
; N/A                                     ; 57.80 MHz ( period = 17.300 ns )                    ; led_display:u_led_display|counter[6]  ; led_display:u_led_display|light_ctrl[5]  ; clk        ; clk      ; None                        ; None                      ; 17.500 ns               ;
; N/A                                     ; 57.80 MHz ( period = 17.300 ns )                    ; led_display:u_led_display|counter[14] ; led_display:u_led_display|light_ctrl[6]  ; clk        ; clk      ; None                        ; None                      ; 18.100 ns               ;
; N/A                                     ; 57.80 MHz ( period = 17.300 ns )                    ; led_display:u_led_display|counter[4]  ; led_display:u_led_display|light_ctrl[7]  ; clk        ; clk      ; None                        ; None                      ; 18.000 ns               ;
; N/A                                     ; 57.80 MHz ( period = 17.300 ns )                    ; led_display:u_led_display|counter[4]  ; led_display:u_led_display|light_ctrl[8]  ; clk        ; clk      ; None                        ; None                      ; 18.100 ns               ;
; N/A                                     ; 57.80 MHz ( period = 17.300 ns )                    ; led_display:u_led_display|counter[4]  ; led_display:u_led_display|light_ctrl[9]  ; clk        ; clk      ; None                        ; None                      ; 18.100 ns               ;
; N/A                                     ; 57.80 MHz ( period = 17.300 ns )                    ; led_display:u_led_display|counter[4]  ; led_display:u_led_display|light_ctrl[10] ; clk        ; clk      ; None                        ; None                      ; 18.100 ns               ;
; N/A                                     ; 57.80 MHz ( period = 17.300 ns )                    ; led_display:u_led_display|counter[4]  ; led_display:u_led_display|light_ctrl[11] ; clk        ; clk      ; None                        ; None                      ; 18.100 ns               ;
; N/A                                     ; 57.80 MHz ( period = 17.300 ns )                    ; led_display:u_led_display|counter[17] ; led_display:u_led_display|light_ctrl[12] ; clk        ; clk      ; None                        ; None                      ; 18.100 ns               ;
; N/A                                     ; 57.80 MHz ( period = 17.300 ns )                    ; led_display:u_led_display|counter[16] ; led_display:u_led_display|light_ctrl[12] ; clk        ; clk      ; None                        ; None                      ; 18.100 ns               ;
; N/A                                     ; 57.80 MHz ( period = 17.300 ns )                    ; led_display:u_led_display|counter[6]  ; led_display:u_led_display|light_ctrl[12] ; clk        ; clk      ; None                        ; None                      ; 18.200 ns               ;
; N/A                                     ; 57.80 MHz ( period = 17.300 ns )                    ; led_display:u_led_display|counter[5]  ; led_display:u_led_display|light_ctrl[14] ; clk        ; clk      ; None                        ; None                      ; 18.200 ns               ;
; N/A                                     ; 57.80 MHz ( period = 17.300 ns )                    ; led_display:u_led_display|counter[9]  ; led_display:u_led_display|light_ctrl[14] ; clk        ; clk      ; None                        ; None                      ; 18.100 ns               ;
; N/A                                     ; 57.80 MHz ( period = 17.300 ns )                    ; led_display:u_led_display|counter[17] ; led_display:u_led_display|counter[1]     ; clk        ; clk      ; None                        ; None                      ; 16.100 ns               ;
; N/A                                     ; 57.80 MHz ( period = 17.300 ns )                    ; led_display:u_led_display|counter[16] ; led_display:u_led_display|counter[1]     ; clk        ; clk      ; None                        ; None                      ; 16.100 ns               ;
; N/A                                     ; 57.80 MHz ( period = 17.300 ns )                    ; led_display:u_led_display|counter[6]  ; led_display:u_led_display|counter[1]     ; clk        ; clk      ; None                        ; None                      ; 16.200 ns               ;
; N/A                                     ; 57.80 MHz ( period = 17.300 ns )                    ; led_display:u_led_display|counter[30] ; led_display:u_led_display|counter[3]     ; clk        ; clk      ; None                        ; None                      ; 15.900 ns               ;
; N/A                                     ; 57.80 MHz ( period = 17.300 ns )                    ; led_display:u_led_display|counter[7]  ; led_display:u_led_display|counter[3]     ; clk        ; clk      ; None                        ; None                      ; 16.200 ns               ;
; N/A                                     ; 58.14 MHz ( period = 17.200 ns )                    ; led_display:u_led_display|counter[3]  ; led_display:u_led_display|light_ctrl[11] ; clk        ; clk      ; None                        ; None                      ; 18.000 ns               ;
; N/A                                     ; 58.14 MHz ( period = 17.200 ns )                    ; led_display:u_led_display|counter[5]  ; led_display:u_led_display|light_ctrl[12] ; clk        ; clk      ; None                        ; None                      ; 18.100 ns               ;
; N/A                                     ; 58.14 MHz ( period = 17.200 ns )                    ; led_display:u_led_display|counter[9]  ; led_display:u_led_display|light_ctrl[12] ; clk        ; clk      ; None                        ; None                      ; 18.000 ns               ;
; N/A                                     ; 58.14 MHz ( period = 17.200 ns )                    ; led_display:u_led_display|counter[15] ; led_display:u_led_display|light_ctrl[14] ; clk        ; clk      ; None                        ; None                      ; 18.000 ns               ;
; N/A                                     ; 58.14 MHz ( period = 17.200 ns )                    ; led_display:u_led_display|counter[5]  ; led_display:u_led_display|counter[1]     ; clk        ; clk      ; None                        ; None                      ; 16.100 ns               ;
; N/A                                     ; 58.14 MHz ( period = 17.200 ns )                    ; led_display:u_led_display|counter[9]  ; led_display:u_led_display|counter[1]     ; clk        ; clk      ; None                        ; None                      ; 16.000 ns               ;
; N/A                                     ; 58.14 MHz ( period = 17.200 ns )                    ; led_display:u_led_display|counter[29] ; led_display:u_led_display|counter[3]     ; clk        ; clk      ; None                        ; None                      ; 15.800 ns               ;
; N/A                                     ; 58.14 MHz ( period = 17.200 ns )                    ; led_display:u_led_display|counter[28] ; led_display:u_led_display|counter[3]     ; clk        ; clk      ; None                        ; None                      ; 15.800 ns               ;
; Timing analysis restricted to 200 rows. ; To change the limit use Settings (Assignments menu) ;                                       ;                                          ;            ;          ;                             ;                           ;                         ;
+-----------------------------------------+-----------------------------------------------------+---------------------------------------+------------------------------------------+------------+----------+-----------------------------+---------------------------+-------------------------+


+-------------------------------------------------------------------------------------------------------------------------------------------------------------+
; tsu                                                                                                                                                         ;
+-------+--------------+------------+----------------+---------------------------------------------------------------------------------------------+----------+
; Slack ; Required tsu ; Actual tsu ; From           ; To                                                                                          ; To Clock ;
+-------+--------------+------------+----------------+---------------------------------------------------------------------------------------------+----------+
; N/A   ; None         ; 7.300 ns   ; rst_n          ; digit_display:u_digit_display|value[0]                                                      ; clk      ;
; N/A   ; None         ; 7.300 ns   ; rst_n          ; digit_display:u_digit_display|value[1]                                                      ; clk      ;
; N/A   ; None         ; 7.300 ns   ; rst_n          ; digit_display:u_digit_display|value[2]                                                      ; clk      ;
; N/A   ; None         ; 7.300 ns   ; rst_n          ; digit_display:u_digit_display|value[3]                                                      ; clk      ;
; N/A   ; None         ; 5.400 ns   ; rst_n          ; digit_display:u_digit_display|lpm_counter:counter_rtl_0|alt_counter_f10ke:wysi_counter|q[3] ; clk      ;
; N/A   ; None         ; 5.400 ns   ; rst_n          ; digit_display:u_digit_display|lpm_counter:counter_rtl_0|alt_counter_f10ke:wysi_counter|q[0] ; clk      ;
; N/A   ; None         ; 5.400 ns   ; rst_n          ; digit_display:u_digit_display|lpm_counter:counter_rtl_0|alt_counter_f10ke:wysi_counter|q[1] ; clk      ;
; N/A   ; None         ; 5.400 ns   ; rst_n          ; digit_display:u_digit_display|lpm_counter:counter_rtl_0|alt_counter_f10ke:wysi_counter|q[2] ; clk      ;
; N/A   ; None         ; 4.300 ns   ; rst_n          ; digit_display:u_digit_display|current_digit[2]                                              ; clk      ;
; N/A   ; None         ; 4.300 ns   ; rst_n          ; digit_display:u_digit_display|current_digit[0]                                              ; clk      ;
; N/A   ; None         ; 4.300 ns   ; rst_n          ; digit_display:u_digit_display|current_digit[1]                                              ; clk      ;
; N/A   ; None         ; 1.400 ns   ; mode_select[2] ; mode_fsm:u_mode_fsm|current_mode[2]                                                         ; clk      ;
; N/A   ; None         ; 1.300 ns   ; mode_select[1] ; mode_fsm:u_mode_fsm|current_mode[1]                                                         ; clk      ;
; N/A   ; None         ; 1.300 ns   ; mode_select[3] ; mode_fsm:u_mode_fsm|current_mode[3]                                                         ; clk      ;
; N/A   ; None         ; 1.200 ns   ; mode_select[0] ; mode_fsm:u_mode_fsm|current_mode[0]                                                         ; clk      ;
+-------+--------------+------------+----------------+---------------------------------------------------------------------------------------------+----------+


+--------------------------------------------------------------------------------------------------------------+
; tco                                                                                                          ;
+-------+--------------+------------+--------------------------------------------+----------------+------------+
; Slack ; Required tco ; Actual tco ; From                                       ; To             ; From Clock ;
+-------+--------------+------------+--------------------------------------------+----------------+------------+
; N/A   ; None         ; 19.900 ns  ; led_display:u_led_display|light_ctrl[0]    ; light_ctrl[0]  ; clk        ;
; N/A   ; None         ; 17.900 ns  ; led_display:u_led_display|light_ctrl[15]   ; light_ctrl[15] ; clk        ;
; N/A   ; None         ; 17.900 ns  ; led_display:u_led_display|light_ctrl[14]   ; light_ctrl[14] ; clk        ;
; N/A   ; None         ; 17.900 ns  ; digit_display:u_digit_display|digits[1][0] ; digit_ctrl[4]  ; clk        ;
; N/A   ; None         ; 17.300 ns  ; digit_display:u_digit_display|digits[1][2] ; digit_ctrl[6]  ; clk        ;
; N/A   ; None         ; 17.100 ns  ; digit_display:u_digit_display|digits[1][3] ; digit_ctrl[7]  ; clk        ;
; N/A   ; None         ; 16.700 ns  ; led_display:u_led_display|light_ctrl[13]   ; light_ctrl[13] ; clk        ;
; N/A   ; None         ; 16.700 ns  ; led_display:u_led_display|light_ctrl[12]   ; light_ctrl[12] ; clk        ;
; N/A   ; None         ; 16.600 ns  ; led_display:u_led_display|light_ctrl[11]   ; light_ctrl[11] ; clk        ;
; N/A   ; None         ; 16.600 ns  ; led_display:u_led_display|light_ctrl[10]   ; light_ctrl[10] ; clk        ;
; N/A   ; None         ; 16.600 ns  ; led_display:u_led_display|light_ctrl[9]    ; light_ctrl[9]  ; clk        ;
; N/A   ; None         ; 16.600 ns  ; led_display:u_led_display|light_ctrl[8]    ; light_ctrl[8]  ; clk        ;
; N/A   ; None         ; 16.600 ns  ; led_display:u_led_display|light_ctrl[6]    ; light_ctrl[6]  ; clk        ;
; N/A   ; None         ; 16.500 ns  ; led_display:u_led_display|light_ctrl[7]    ; light_ctrl[7]  ; clk        ;
; N/A   ; None         ; 16.500 ns  ; led_display:u_led_display|light_ctrl[4]    ; light_ctrl[4]  ; clk        ;
; N/A   ; None         ; 16.400 ns  ; led_display:u_led_display|light_ctrl[3]    ; light_ctrl[3]  ; clk        ;
; N/A   ; None         ; 16.400 ns  ; led_display:u_led_display|light_ctrl[2]    ; light_ctrl[2]  ; clk        ;
; N/A   ; None         ; 16.400 ns  ; digit_display:u_digit_display|digits[2][0] ; digit_ctrl[8]  ; clk        ;
; N/A   ; None         ; 16.300 ns  ; digit_display:u_digit_display|digits[0][2] ; digit_ctrl[2]  ; clk        ;
; N/A   ; None         ; 16.100 ns  ; digit_display:u_digit_display|digits[2][1] ; digit_ctrl[9]  ; clk        ;
; N/A   ; None         ; 16.000 ns  ; digit_display:u_digit_display|digits[2][3] ; digit_ctrl[11] ; clk        ;
; N/A   ; None         ; 16.000 ns  ; digit_display:u_digit_display|digits[2][2] ; digit_ctrl[10] ; clk        ;
; N/A   ; None         ; 16.000 ns  ; digit_display:u_digit_display|digits[0][1] ; digit_ctrl[1]  ; clk        ;
; N/A   ; None         ; 16.000 ns  ; digit_display:u_digit_display|digits[0][0] ; digit_ctrl[0]  ; clk        ;
; N/A   ; None         ; 15.900 ns  ; led_display:u_led_display|light_ctrl[5]    ; light_ctrl[5]  ; clk        ;
; N/A   ; None         ; 15.900 ns  ; digit_display:u_digit_display|digits[0][3] ; digit_ctrl[3]  ; clk        ;
; N/A   ; None         ; 15.600 ns  ; digit_display:u_digit_display|digits[3][0] ; digit_ctrl[12] ; clk        ;
; N/A   ; None         ; 15.500 ns  ; digit_display:u_digit_display|digits[3][1] ; digit_ctrl[13] ; clk        ;
; N/A   ; None         ; 15.200 ns  ; led_display:u_led_display|light_ctrl[1]    ; light_ctrl[1]  ; clk        ;
; N/A   ; None         ; 14.900 ns  ; digit_display:u_digit_display|digits[5][3] ; digit_ctrl[23] ; clk        ;
; N/A   ; None         ; 14.900 ns  ; digit_display:u_digit_display|digits[3][3] ; digit_ctrl[15] ; clk        ;
; N/A   ; None         ; 14.800 ns  ; digit_display:u_digit_display|digits[5][2] ; digit_ctrl[22] ; clk        ;
; N/A   ; None         ; 14.800 ns  ; digit_display:u_digit_display|digits[4][3] ; digit_ctrl[19] ; clk        ;
; N/A   ; None         ; 14.800 ns  ; digit_display:u_digit_display|digits[3][2] ; digit_ctrl[14] ; clk        ;
; N/A   ; None         ; 14.800 ns  ; digit_display:u_digit_display|digits[1][1] ; digit_ctrl[5]  ; clk        ;
; N/A   ; None         ; 14.700 ns  ; digit_display:u_digit_display|digits[5][1] ; digit_ctrl[21] ; clk        ;
; N/A   ; None         ; 14.700 ns  ; digit_display:u_digit_display|digits[5][0] ; digit_ctrl[20] ; clk        ;
; N/A   ; None         ; 14.700 ns  ; digit_display:u_digit_display|digits[4][2] ; digit_ctrl[18] ; clk        ;
; N/A   ; None         ; 14.700 ns  ; digit_display:u_digit_display|digits[4][1] ; digit_ctrl[17] ; clk        ;
; N/A   ; None         ; 14.700 ns  ; digit_display:u_digit_display|digits[4][0] ; digit_ctrl[16] ; clk        ;
+-------+--------------+------------+--------------------------------------------+----------------+------------+


+-------------------------------------------------------------------------------------------------------------------------------------------------------------------+
; th                                                                                                                                                                ;
+---------------+-------------+-----------+----------------+---------------------------------------------------------------------------------------------+----------+
; Minimum Slack ; Required th ; Actual th ; From           ; To                                                                                          ; To Clock ;
+---------------+-------------+-----------+----------------+---------------------------------------------------------------------------------------------+----------+
; N/A           ; None        ; 0.700 ns  ; mode_select[0] ; mode_fsm:u_mode_fsm|current_mode[0]                                                         ; clk      ;
; N/A           ; None        ; 0.600 ns  ; mode_select[1] ; mode_fsm:u_mode_fsm|current_mode[1]                                                         ; clk      ;
; N/A           ; None        ; 0.600 ns  ; mode_select[3] ; mode_fsm:u_mode_fsm|current_mode[3]                                                         ; clk      ;
; N/A           ; None        ; 0.500 ns  ; mode_select[2] ; mode_fsm:u_mode_fsm|current_mode[2]                                                         ; clk      ;
; N/A           ; None        ; -1.600 ns ; rst_n          ; digit_display:u_digit_display|lpm_counter:counter_rtl_0|alt_counter_f10ke:wysi_counter|q[3] ; clk      ;
; N/A           ; None        ; -1.600 ns ; rst_n          ; digit_display:u_digit_display|lpm_counter:counter_rtl_0|alt_counter_f10ke:wysi_counter|q[0] ; clk      ;
; N/A           ; None        ; -1.600 ns ; rst_n          ; digit_display:u_digit_display|lpm_counter:counter_rtl_0|alt_counter_f10ke:wysi_counter|q[1] ; clk      ;
; N/A           ; None        ; -1.600 ns ; rst_n          ; digit_display:u_digit_display|lpm_counter:counter_rtl_0|alt_counter_f10ke:wysi_counter|q[2] ; clk      ;
; N/A           ; None        ; -2.400 ns ; rst_n          ; digit_display:u_digit_display|current_digit[2]                                              ; clk      ;
; N/A           ; None        ; -2.400 ns ; rst_n          ; digit_display:u_digit_display|current_digit[0]                                              ; clk      ;
; N/A           ; None        ; -2.400 ns ; rst_n          ; digit_display:u_digit_display|current_digit[1]                                              ; clk      ;
; N/A           ; None        ; -5.400 ns ; rst_n          ; digit_display:u_digit_display|value[0]                                                      ; clk      ;
; N/A           ; None        ; -5.400 ns ; rst_n          ; digit_display:u_digit_display|value[1]                                                      ; clk      ;
; N/A           ; None        ; -5.400 ns ; rst_n          ; digit_display:u_digit_display|value[2]                                                      ; clk      ;
; N/A           ; None        ; -5.400 ns ; rst_n          ; digit_display:u_digit_display|value[3]                                                      ; clk      ;
+---------------+-------------+-----------+----------------+---------------------------------------------------------------------------------------------+----------+


+--------------------------+
; Timing Analyzer Messages ;
+--------------------------+
Info: *******************************************************************
Info: Running Quartus II Timing Analyzer
    Info: Version 6.0 Build 202 06/20/2006 Service Pack 1 SJ Full Version
    Info: Processing started: Thu Jun 27 20:02:15 2024
Info: Command: quartus_tan --read_settings_files=off --write_settings_files=off ad_light_controller -c ad_light_controller
Info: Started post-fitting delay annotation
Info: Delay annotation completed successfully
Warning: Found pins functioning as undefined clocks and/or memory enables
    Info: Assuming node "clk" is an undefined clock
Info: Clock "clk" has Internal fmax of 50.0 MHz between source register "led_display:u_led_display|counter[4]" and destination register "led_display:u_led_display|light_ctrl[0]" (period= 20.0 ns)
    Info: + Longest register to register delay is 20.700 ns
        Info: 1: + IC(0.000 ns) + CELL(0.000 ns) = 0.000 ns; Loc. = LC1_B30; Fanout = 3; REG Node = 'led_display:u_led_display|counter[4]'
        Info: 2: + IC(1.000 ns) + CELL(1.000 ns) = 2.000 ns; Loc. = LC5_B31; Fanout = 1; COMB Node = 'led_display:u_led_display|Equal0~328'
        Info: 3: + IC(0.000 ns) + CELL(1.000 ns) = 3.000 ns; Loc. = LC6_B31; Fanout = 1; COMB Node = 'led_display:u_led_display|Equal0~330'
        Info: 4: + IC(0.000 ns) + CELL(1.600 ns) = 4.600 ns; Loc. = LC7_B31; Fanout = 1; COMB Node = 'led_display:u_led_display|Equal0~314'
        Info: 5: + IC(0.300 ns) + CELL(1.400 ns) = 6.300 ns; Loc. = LC1_B31; Fanout = 9; COMB Node = 'led_display:u_led_display|Equal0~296'
        Info: 6: + IC(2.200 ns) + CELL(1.600 ns) = 10.100 ns; Loc. = LC2_B17; Fanout = 3; COMB Node = 'led_display:u_led_display|Equal0~297'
        Info: 7: + IC(0.300 ns) + CELL(1.700 ns) = 12.100 ns; Loc. = LC3_B17; Fanout = 5; COMB Node = 'led_display:u_led_display|Equal5~55'
        Info: 8: + IC(0.300 ns) + CELL(1.600 ns) = 14.000 ns; Loc. = LC1_B17; Fanout = 2; COMB Node = 'led_display:u_led_display|WideOr1~8'
        Info: 9: + IC(1.200 ns) + CELL(1.400 ns) = 16.600 ns; Loc. = LC7_B13; Fanout = 1; COMB Node = 'led_display:u_led_display|Selector15~206'
        Info: 10: + IC(0.300 ns) + CELL(1.700 ns) = 18.600 ns; Loc. = LC1_B13; Fanout = 1; COMB Node = 'led_display:u_led_display|Selector15~211'
        Info: 11: + IC(1.100 ns) + CELL(1.000 ns) = 20.700 ns; Loc. = LC1_B12; Fanout = 10; REG Node = 'led_display:u_led_display|light_ctrl[0]'
        Info: Total cell delay = 14.000 ns ( 67.63 % )
        Info: Total interconnect delay = 6.700 ns ( 32.37 % )
    Info: - Smallest clock skew is 1.800 ns
        Info: + Shortest clock path from clock "clk" to destination register is 8.800 ns
            Info: 1: + IC(0.000 ns) + CELL(4.900 ns) = 4.900 ns; Loc. = PIN_132; Fanout = 90; CLK Node = 'clk'
            Info: 2: + IC(3.900 ns) + CELL(0.000 ns) = 8.800 ns; Loc. = LC1_B12; Fanout = 10; REG Node = 'led_display:u_led_display|light_ctrl[0]'
            Info: Total cell delay = 4.900 ns ( 55.68 % )
            Info: Total interconnect delay = 3.900 ns ( 44.32 % )
        Info: - Longest clock path from clock "clk" to source register is 7.000 ns
            Info: 1: + IC(0.000 ns) + CELL(4.900 ns) = 4.900 ns; Loc. = PIN_132; Fanout = 90; CLK Node = 'clk'
            Info: 2: + IC(2.100 ns) + CELL(0.000 ns) = 7.000 ns; Loc. = LC1_B30; Fanout = 3; REG Node = 'led_display:u_led_display|counter[4]'
            Info: Total cell delay = 4.900 ns ( 70.00 % )
            Info: Total interconnect delay = 2.100 ns ( 30.00 % )
    Info: + Micro clock to output delay of source is 0.500 ns
    Info: + Micro setup delay of destination is 0.600 ns
Info: tsu for register "digit_display:u_digit_display|value[0]" (data pin = "rst_n", clock pin = "clk") is 7.300 ns
    Info: + Longest pin to register delay is 14.000 ns
        Info: 1: + IC(0.000 ns) + CELL(4.900 ns) = 4.900 ns; Loc. = PIN_131; Fanout = 78; PIN Node = 'rst_n'
        Info: 2: + IC(2.400 ns) + CELL(1.600 ns) = 8.900 ns; Loc. = LC8_F29; Fanout = 4; COMB Node = 'digit_display:u_digit_display|current_digit[2]~170'
        Info: 3: + IC(1.100 ns) + CELL(1.600 ns) = 11.600 ns; Loc. = LC6_F27; Fanout = 4; COMB Node = 'digit_display:u_digit_display|value[3]~114'
        Info: 4: + IC(1.400 ns) + CELL(1.000 ns) = 14.000 ns; Loc. = LC4_F19; Fanout = 21; REG Node = 'digit_display:u_digit_display|value[0]'
        Info: Total cell delay = 9.100 ns ( 65.00 % )
        Info: Total interconnect delay = 4.900 ns ( 35.00 % )
    Info: + Micro setup delay of destination is 0.600 ns
    Info: - Shortest clock path from clock "clk" to destination register is 7.300 ns
        Info: 1: + IC(0.000 ns) + CELL(4.900 ns) = 4.900 ns; Loc. = PIN_132; Fanout = 90; CLK Node = 'clk'
        Info: 2: + IC(2.400 ns) + CELL(0.000 ns) = 7.300 ns; Loc. = LC4_F19; Fanout = 21; REG Node = 'digit_display:u_digit_display|value[0]'
        Info: Total cell delay = 4.900 ns ( 67.12 % )
        Info: Total interconnect delay = 2.400 ns ( 32.88 % )
Info: tco from clock "clk" to destination pin "light_ctrl[0]" through register "led_display:u_led_display|light_ctrl[0]" is 19.900 ns
    Info: + Longest clock path from clock "clk" to source register is 8.800 ns
        Info: 1: + IC(0.000 ns) + CELL(4.900 ns) = 4.900 ns; Loc. = PIN_132; Fanout = 90; CLK Node = 'clk'
        Info: 2: + IC(3.900 ns) + CELL(0.000 ns) = 8.800 ns; Loc. = LC1_B12; Fanout = 10; REG Node = 'led_display:u_led_display|light_ctrl[0]'
        Info: Total cell delay = 4.900 ns ( 55.68 % )
        Info: Total interconnect delay = 3.900 ns ( 44.32 % )
    Info: + Micro clock to output delay of source is 0.500 ns
    Info: + Longest register to pin delay is 10.600 ns
        Info: 1: + IC(0.000 ns) + CELL(0.000 ns) = 0.000 ns; Loc. = LC1_B12; Fanout = 10; REG Node = 'led_display:u_led_display|light_ctrl[0]'
        Info: 2: + IC(2.000 ns) + CELL(1.400 ns) = 3.400 ns; Loc. = LC4_B22; Fanout = 1; COMB Node = 'light_ctrl[0]~0'
        Info: 3: + IC(0.900 ns) + CELL(6.300 ns) = 10.600 ns; Loc. = PIN_49; Fanout = 0; PIN Node = 'light_ctrl[0]'
        Info: Total cell delay = 7.700 ns ( 72.64 % )
        Info: Total interconnect delay = 2.900 ns ( 27.36 % )
Info: th for register "mode_fsm:u_mode_fsm|current_mode[0]" (data pin = "mode_select[0]", clock pin = "clk") is 0.700 ns
    Info: + Longest clock path from clock "clk" to destination register is 7.500 ns
        Info: 1: + IC(0.000 ns) + CELL(4.900 ns) = 4.900 ns; Loc. = PIN_132; Fanout = 90; CLK Node = 'clk'
        Info: 2: + IC(2.600 ns) + CELL(0.000 ns) = 7.500 ns; Loc. = LC4_D20; Fanout = 166; REG Node = 'mode_fsm:u_mode_fsm|current_mode[0]'
        Info: Total cell delay = 4.900 ns ( 65.33 % )
        Info: Total interconnect delay = 2.600 ns ( 34.67 % )
    Info: + Micro hold delay of destination is 1.300 ns
    Info: - Shortest pin to register delay is 8.100 ns
        Info: 1: + IC(0.000 ns) + CELL(4.900 ns) = 4.900 ns; Loc. = PIN_138; Fanout = 1; PIN Node = 'mode_select[0]'
        Info: 2: + IC(2.400 ns) + CELL(0.800 ns) = 8.100 ns; Loc. = LC4_D20; Fanout = 166; REG Node = 'mode_fsm:u_mode_fsm|current_mode[0]'
        Info: Total cell delay = 5.700 ns ( 70.37 % )
        Info: Total interconnect delay = 2.400 ns ( 29.63 % )
Info: Quartus II Timing Analyzer was successful. 0 errors, 1 warning
    Info: Processing ended: Thu Jun 27 20:02:17 2024
    Info: Elapsed time: 00:00:02


