Timing Analyzer report for lab3
Tue Oct 10 23:21:01 2023
Version 6.0 Build 202 06/20/2006 Service Pack 1 SJ Full Version


---------------------
; Table of Contents ;
---------------------
  1. Legal Notice
  2. Timing Analyzer Summary
  3. Timing Analyzer Settings
  4. tpd
  5. Timing Analyzer Messages



----------------
; Legal Notice ;
----------------
Copyright (C) 1991-2006 Altera Corporation
Your use of Altera Corporation's design tools, logic functions 
and other software and tools, and its AMPP partner logic 
functions, and any output files any of the foregoing 
(including device programming or simulation files), and any 
associated documentation or information are expressly subject 
to the terms and conditions of the Altera Program License 
Subscription Agreement, Altera MegaCore Function License 
Agreement, or other applicable license agreement, including, 
without limitation, that your use is for the sole purpose of 
programming logic devices manufactured by Altera and sold by 
Altera or its authorized distributors.  Please refer to the 
applicable agreement for further details.



+-----------------------------------------------------------------------------------------------------------------------+
; Timing Analyzer Summary                                                                                               ;
+------------------------------+-------+---------------+-------------+------+----+------------+----------+--------------+
; Type                         ; Slack ; Required Time ; Actual Time ; From ; To ; From Clock ; To Clock ; Failed Paths ;
+------------------------------+-------+---------------+-------------+------+----+------------+----------+--------------+
; Worst-case tpd               ; N/A   ; None          ; 7.900 ns    ; A    ; C3 ; --         ; --       ; 0            ;
; Total number of failed paths ;       ;               ;             ;      ;    ;            ;          ; 0            ;
+------------------------------+-------+---------------+-------------+------+----+------------+----------+--------------+


+------------------------------------------------------------------------------------------------------+
; Timing Analyzer Settings                                                                             ;
+-------------------------------------------------------+--------------------+------+----+-------------+
; Option                                                ; Setting            ; From ; To ; Entity Name ;
+-------------------------------------------------------+--------------------+------+----+-------------+
; Device Name                                           ; EP1K30TC144-1      ;      ;    ;             ;
; Timing Models                                         ; Final              ;      ;    ;             ;
; Number of source nodes to report per destination node ; 10                 ;      ;    ;             ;
; Number of destination nodes to report                 ; 10                 ;      ;    ;             ;
; Number of paths to report                             ; 200                ;      ;    ;             ;
; Report Minimum Timing Checks                          ; Off                ;      ;    ;             ;
; Use Fast Timing Models                                ; Off                ;      ;    ;             ;
; Report IO Paths Separately                            ; Off                ;      ;    ;             ;
; Default hold multicycle                               ; Same As Multicycle ;      ;    ;             ;
; Cut paths between unrelated clock domains             ; On                 ;      ;    ;             ;
; Cut off read during write signal paths                ; On                 ;      ;    ;             ;
; Cut off feedback from I/O pins                        ; On                 ;      ;    ;             ;
; Report Combined Fast/Slow Timing                      ; Off                ;      ;    ;             ;
; Ignore Clock Settings                                 ; Off                ;      ;    ;             ;
; Analyze latches as synchronous elements               ; On                 ;      ;    ;             ;
; Enable Recovery/Removal analysis                      ; Off                ;      ;    ;             ;
; Enable Clock Latency                                  ; Off                ;      ;    ;             ;
; Use TimeQuest Timing Analyzer                         ; Off                ;      ;    ;             ;
+-------------------------------------------------------+--------------------+------+----+-------------+


+---------------------------------------------------------+
; tpd                                                     ;
+-------+-------------------+-----------------+------+----+
; Slack ; Required P2P Time ; Actual P2P Time ; From ; To ;
+-------+-------------------+-----------------+------+----+
; N/A   ; None              ; 7.900 ns        ; A    ; C3 ;
; N/A   ; None              ; 7.800 ns        ; B    ; C3 ;
; N/A   ; None              ; 7.800 ns        ; C    ; C3 ;
; N/A   ; None              ; 7.600 ns        ; D    ; C3 ;
; N/A   ; None              ; 7.200 ns        ; C    ; C1 ;
; N/A   ; None              ; 7.200 ns        ; C    ; C2 ;
; N/A   ; None              ; 7.200 ns        ; D    ; C2 ;
; N/A   ; None              ; 7.000 ns        ; D    ; C0 ;
; N/A   ; None              ; 7.000 ns        ; D    ; C1 ;
; N/A   ; None              ; 7.000 ns        ; B    ; C2 ;
+-------+-------------------+-----------------+------+----+


+--------------------------+
; Timing Analyzer Messages ;
+--------------------------+
Info: *******************************************************************
Info: Running Quartus II Timing Analyzer
    Info: Version 6.0 Build 202 06/20/2006 Service Pack 1 SJ Full Version
    Info: Processing started: Tue Oct 10 23:21:01 2023
Info: Command: quartus_tan --read_settings_files=off --write_settings_files=off lab3 -c lab3
Info: Started post-fitting delay annotation
Info: Delay annotation completed successfully
Info: Longest tpd from source pin "A" to destination pin "C3" is 7.900 ns
    Info: 1: + IC(0.000 ns) + CELL(1.300 ns) = 1.300 ns; Loc. = PIN_56; Fanout = 1; PIN Node = 'A'
    Info: 2: + IC(0.100 ns) + CELL(1.100 ns) = 2.500 ns; Loc. = LC5_E7; Fanout = 1; COMB Node = 'inst~9'
    Info: 3: + IC(1.600 ns) + CELL(3.800 ns) = 7.900 ns; Loc. = PIN_28; Fanout = 0; PIN Node = 'C3'
    Info: Total cell delay = 6.200 ns ( 78.48 % )
    Info: Total interconnect delay = 1.700 ns ( 21.52 % )
Info: Quartus II Timing Analyzer was successful. 0 errors, 0 warnings
    Info: Processing ended: Tue Oct 10 23:21:01 2023
    Info: Elapsed time: 00:00:00


