Timing Analyzer report for lab7
Thu Nov 02 01:45:59 2023
Version 6.0 Build 202 06/20/2006 Service Pack 1 SJ Full Version


---------------------
; Table of Contents ;
---------------------
  1. Legal Notice
  2. Timing Analyzer Summary
  3. Timing Analyzer Settings
  4. Clock Settings Summary
  5. Clock Setup: 'CLK'
  6. tco
  7. Timing Analyzer Messages



----------------
; Legal Notice ;
----------------
Copyright (C) 1991-2006 Altera Corporation
Your use of Altera Corporation's design tools, logic functions 
and other software and tools, and its AMPP partner logic 
functions, and any output files any of the foregoing 
(including device programming or simulation files), and any 
associated documentation or information are expressly subject 
to the terms and conditions of the Altera Program License 
Subscription Agreement, Altera MegaCore Function License 
Agreement, or other applicable license agreement, including, 
without limitation, that your use is for the sole purpose of 
programming logic devices manufactured by Altera and sold by 
Altera or its authorized distributors.  Please refer to the 
applicable agreement for further details.



+------------------------------------------------------------------------------------------------------------------------------------------------------------------------------------------------------+
; Timing Analyzer Summary                                                                                                                                                                              ;
+------------------------------+-------+---------------+------------------------------------------------+---------------------------+---------------------------+------------+----------+--------------+
; Type                         ; Slack ; Required Time ; Actual Time                                    ; From                      ; To                        ; From Clock ; To Clock ; Failed Paths ;
+------------------------------+-------+---------------+------------------------------------------------+---------------------------+---------------------------+------------+----------+--------------+
; Worst-case tco               ; N/A   ; None          ; 8.900 ns                                       ; 74161:inst1|f74161:sub|9  ; Q                         ; CLK        ; --       ; 0            ;
; Clock Setup: 'CLK'           ; N/A   ; None          ; Restricted to 250.00 MHz ( period = 4.000 ns ) ; 74161:inst1|f74161:sub|87 ; 74161:inst1|f74161:sub|87 ; CLK        ; CLK      ; 0            ;
; Total number of failed paths ;       ;               ;                                                ;                           ;                           ;            ;          ; 0            ;
+------------------------------+-------+---------------+------------------------------------------------+---------------------------+---------------------------+------------+----------+--------------+


+------------------------------------------------------------------------------------------------------+
; Timing Analyzer Settings                                                                             ;
+-------------------------------------------------------+--------------------+------+----+-------------+
; Option                                                ; Setting            ; From ; To ; Entity Name ;
+-------------------------------------------------------+--------------------+------+----+-------------+
; Device Name                                           ; EP1K30TC144-1      ;      ;    ;             ;
; Timing Models                                         ; Final              ;      ;    ;             ;
; Number of source nodes to report per destination node ; 10                 ;      ;    ;             ;
; Number of destination nodes to report                 ; 10                 ;      ;    ;             ;
; Number of paths to report                             ; 200                ;      ;    ;             ;
; Report Minimum Timing Checks                          ; Off                ;      ;    ;             ;
; Use Fast Timing Models                                ; Off                ;      ;    ;             ;
; Report IO Paths Separately                            ; Off                ;      ;    ;             ;
; Default hold multicycle                               ; Same As Multicycle ;      ;    ;             ;
; Cut paths between unrelated clock domains             ; On                 ;      ;    ;             ;
; Cut off read during write signal paths                ; On                 ;      ;    ;             ;
; Cut off feedback from I/O pins                        ; On                 ;      ;    ;             ;
; Report Combined Fast/Slow Timing                      ; Off                ;      ;    ;             ;
; Ignore Clock Settings                                 ; Off                ;      ;    ;             ;
; Analyze latches as synchronous elements               ; On                 ;      ;    ;             ;
; Enable Recovery/Removal analysis                      ; Off                ;      ;    ;             ;
; Enable Clock Latency                                  ; Off                ;      ;    ;             ;
; Use TimeQuest Timing Analyzer                         ; Off                ;      ;    ;             ;
+-------------------------------------------------------+--------------------+------+----+-------------+


+------------------------------------------------------------------------------------------------------------------------------------------------------------------------------------+
; Clock Settings Summary                                                                                                                                                             ;
+-----------------+--------------------+----------+------------------+---------------+--------------+----------+-----------------------+---------------------+--------+--------------+
; Clock Node Name ; Clock Setting Name ; Type     ; Fmax Requirement ; Early Latency ; Late Latency ; Based on ; Multiply Base Fmax by ; Divide Base Fmax by ; Offset ; Phase offset ;
+-----------------+--------------------+----------+------------------+---------------+--------------+----------+-----------------------+---------------------+--------+--------------+
; CLK             ;                    ; User Pin ; None             ; 0.000 ns      ; 0.000 ns     ; --       ; N/A                   ; N/A                 ; N/A    ;              ;
+-----------------+--------------------+----------+------------------+---------------+--------------+----------+-----------------------+---------------------+--------+--------------+


+----------------------------------------------------------------------------------------------------------------------------------------------------------------------------------------------------------------------------+
; Clock Setup: 'CLK'                                                                                                                                                                                                         ;
+-------+------------------------------------------------+---------------------------+---------------------------+------------+----------+-----------------------------+---------------------------+-------------------------+
; Slack ; Actual fmax (period)                           ; From                      ; To                        ; From Clock ; To Clock ; Required Setup Relationship ; Required Longest P2P Time ; Actual Longest P2P Time ;
+-------+------------------------------------------------+---------------------------+---------------------------+------------+----------+-----------------------------+---------------------------+-------------------------+
; N/A   ; Restricted to 250.00 MHz ( period = 4.000 ns ) ; 74161:inst1|f74161:sub|99 ; 74161:inst1|f74161:sub|87 ; CLK        ; CLK      ; None                        ; None                      ; 1.800 ns                ;
; N/A   ; Restricted to 250.00 MHz ( period = 4.000 ns ) ; 74161:inst1|f74161:sub|87 ; 74161:inst1|f74161:sub|87 ; CLK        ; CLK      ; None                        ; None                      ; 1.800 ns                ;
; N/A   ; Restricted to 250.00 MHz ( period = 4.000 ns ) ; 74161:inst1|f74161:sub|9  ; 74161:inst1|f74161:sub|87 ; CLK        ; CLK      ; None                        ; None                      ; 1.600 ns                ;
; N/A   ; Restricted to 250.00 MHz ( period = 4.000 ns ) ; 74161:inst1|f74161:sub|9  ; 74161:inst1|f74161:sub|99 ; CLK        ; CLK      ; None                        ; None                      ; 1.100 ns                ;
; N/A   ; Restricted to 250.00 MHz ( period = 4.000 ns ) ; 74161:inst1|f74161:sub|87 ; 74161:inst1|f74161:sub|99 ; CLK        ; CLK      ; None                        ; None                      ; 1.000 ns                ;
; N/A   ; Restricted to 250.00 MHz ( period = 4.000 ns ) ; 74161:inst1|f74161:sub|9  ; 74161:inst1|f74161:sub|9  ; CLK        ; CLK      ; None                        ; None                      ; 0.700 ns                ;
; N/A   ; Restricted to 250.00 MHz ( period = 4.000 ns ) ; 74161:inst1|f74161:sub|99 ; 74161:inst1|f74161:sub|99 ; CLK        ; CLK      ; None                        ; None                      ; 0.500 ns                ;
+-------+------------------------------------------------+---------------------------+---------------------------+------------+----------+-----------------------------+---------------------------+-------------------------+


+---------------------------------------------------------------------------------+
; tco                                                                             ;
+-------+--------------+------------+---------------------------+----+------------+
; Slack ; Required tco ; Actual tco ; From                      ; To ; From Clock ;
+-------+--------------+------------+---------------------------+----+------------+
; N/A   ; None         ; 8.900 ns   ; 74161:inst1|f74161:sub|9  ; Q  ; CLK        ;
; N/A   ; None         ; 8.700 ns   ; 74161:inst1|f74161:sub|87 ; Q  ; CLK        ;
; N/A   ; None         ; 7.500 ns   ; 74161:inst1|f74161:sub|99 ; Q  ; CLK        ;
+-------+--------------+------------+---------------------------+----+------------+


+--------------------------+
; Timing Analyzer Messages ;
+--------------------------+
Info: *******************************************************************
Info: Running Quartus II Timing Analyzer
    Info: Version 6.0 Build 202 06/20/2006 Service Pack 1 SJ Full Version
    Info: Processing started: Thu Nov 02 01:45:59 2023
Info: Command: quartus_tan --read_settings_files=off --write_settings_files=off lab7 -c lab7
Info: Started post-fitting delay annotation
Info: Delay annotation completed successfully
Warning: Found pins functioning as undefined clocks and/or memory enables
    Info: Assuming node "CLK" is an undefined clock
Info: Clock "CLK" Internal fmax is restricted to 250.0 MHz between source register "74161:inst1|f74161:sub|99" and destination register "74161:inst1|f74161:sub|87"
    Info: fmax restricted to Clock High delay (2.0 ns) plus Clock Low delay (2.0 ns) : restricted to 4.0 ns. Expand message to see actual delay path.
        Info: + Longest register to register delay is 1.800 ns
            Info: 1: + IC(0.000 ns) + CELL(0.000 ns) = 0.000 ns; Loc. = LC4_D7; Fanout = 3; REG Node = '74161:inst1|f74161:sub|99'
            Info: 2: + IC(0.100 ns) + CELL(1.000 ns) = 1.100 ns; Loc. = LC1_D7; Fanout = 1; COMB Node = '74161:inst1|f74161:sub|98~30'
            Info: 3: + IC(0.100 ns) + CELL(0.600 ns) = 1.800 ns; Loc. = LC3_D7; Fanout = 7; REG Node = '74161:inst1|f74161:sub|87'
            Info: Total cell delay = 1.600 ns ( 88.89 % )
            Info: Total interconnect delay = 0.200 ns ( 11.11 % )
        Info: - Smallest clock skew is 0.000 ns
            Info: + Shortest clock path from clock "CLK" to destination register is 1.500 ns
                Info: 1: + IC(0.000 ns) + CELL(1.300 ns) = 1.300 ns; Loc. = PIN_55; Fanout = 3; CLK Node = 'CLK'
                Info: 2: + IC(0.200 ns) + CELL(0.000 ns) = 1.500 ns; Loc. = LC3_D7; Fanout = 7; REG Node = '74161:inst1|f74161:sub|87'
                Info: Total cell delay = 1.300 ns ( 86.67 % )
                Info: Total interconnect delay = 0.200 ns ( 13.33 % )
            Info: - Longest clock path from clock "CLK" to source register is 1.500 ns
                Info: 1: + IC(0.000 ns) + CELL(1.300 ns) = 1.300 ns; Loc. = PIN_55; Fanout = 3; CLK Node = 'CLK'
                Info: 2: + IC(0.200 ns) + CELL(0.000 ns) = 1.500 ns; Loc. = LC4_D7; Fanout = 3; REG Node = '74161:inst1|f74161:sub|99'
                Info: Total cell delay = 1.300 ns ( 86.67 % )
                Info: Total interconnect delay = 0.200 ns ( 13.33 % )
        Info: + Micro clock to output delay of source is 0.300 ns
        Info: + Micro setup delay of destination is 0.400 ns
Info: tco from clock "CLK" to destination pin "Q" through register "74161:inst1|f74161:sub|9" is 8.900 ns
    Info: + Longest clock path from clock "CLK" to source register is 1.500 ns
        Info: 1: + IC(0.000 ns) + CELL(1.300 ns) = 1.300 ns; Loc. = PIN_55; Fanout = 3; CLK Node = 'CLK'
        Info: 2: + IC(0.200 ns) + CELL(0.000 ns) = 1.500 ns; Loc. = LC2_D7; Fanout = 7; REG Node = '74161:inst1|f74161:sub|9'
        Info: Total cell delay = 1.300 ns ( 86.67 % )
        Info: Total interconnect delay = 0.200 ns ( 13.33 % )
    Info: + Micro clock to output delay of source is 0.300 ns
    Info: + Longest register to pin delay is 7.100 ns
        Info: 1: + IC(0.000 ns) + CELL(0.000 ns) = 0.000 ns; Loc. = LC2_D7; Fanout = 7; REG Node = '74161:inst1|f74161:sub|9'
        Info: 2: + IC(0.100 ns) + CELL(0.600 ns) = 0.700 ns; Loc. = LC7_D7; Fanout = 1; COMB Node = '74151:inst|f74151:sub|71~15'
        Info: 3: + IC(0.000 ns) + CELL(1.000 ns) = 1.700 ns; Loc. = LC8_D7; Fanout = 1; COMB Node = '74151:inst|f74151:sub|78~3'
        Info: 4: + IC(0.100 ns) + CELL(0.800 ns) = 2.600 ns; Loc. = LC5_D7; Fanout = 1; COMB Node = '74151:inst|f74151:sub|81~47'
        Info: 5: + IC(0.700 ns) + CELL(3.800 ns) = 7.100 ns; Loc. = PIN_90; Fanout = 0; PIN Node = 'Q'
        Info: Total cell delay = 6.200 ns ( 87.32 % )
        Info: Total interconnect delay = 0.900 ns ( 12.68 % )
Info: Quartus II Timing Analyzer was successful. 0 errors, 1 warning
    Info: Processing ended: Thu Nov 02 01:45:59 2023
    Info: Elapsed time: 00:00:00


